The system is: Linux - 3.19.0-28-generic - x86_64
Compiling the CXX compiler identification source file "CMakeCXXCompilerId.cpp" succeeded.
Compiler: /usr/bin/c++ 
Build flags: 
Id flags: 

The output was:
0


Compilation of the CXX compiler identification source "CMakeCXXCompilerId.cpp" produced "a.out"

The CXX compiler identification is GNU, found in "/home/ruben/Documentos/3IngInformatica/FSIV/opencv-2.4.11/build2/CMakeFiles/2.8.12.2/CompilerIdCXX/a.out"

Compiling the C compiler identification source file "CMakeCCompilerId.c" succeeded.
Compiler: /usr/bin/cc 
Build flags: 
Id flags: 

The output was:
0


Compilation of the C compiler identification source "CMakeCCompilerId.c" produced "a.out"

The C compiler identification is GNU, found in "/home/ruben/Documentos/3IngInformatica/FSIV/opencv-2.4.11/build2/CMakeFiles/2.8.12.2/CompilerIdC/a.out"

Determining if the CXX compiler works passed with the following output:
Change Dir: /home/ruben/Documentos/3IngInformatica/FSIV/opencv-2.4.11/build2/CMakeFiles/CMakeTmp

Run Build Command:/usr/bin/make "cmTryCompileExec1920588857/fast"
/usr/bin/make -f CMakeFiles/cmTryCompileExec1920588857.dir/build.make CMakeFiles/cmTryCompileExec1920588857.dir/build
make[1]: se ingresa al directorio «/home/ruben/Documentos/3IngInformatica/FSIV/opencv-2.4.11/build2/CMakeFiles/CMakeTmp»
/usr/bin/cmake -E cmake_progress_report /home/ruben/Documentos/3IngInformatica/FSIV/opencv-2.4.11/build2/CMakeFiles/CMakeTmp/CMakeFiles 1
Building CXX object CMakeFiles/cmTryCompileExec1920588857.dir/testCXXCompiler.cxx.o
/usr/bin/c++     -o CMakeFiles/cmTryCompileExec1920588857.dir/testCXXCompiler.cxx.o -c /home/ruben/Documentos/3IngInformatica/FSIV/opencv-2.4.11/build2/CMakeFiles/CMakeTmp/testCXXCompiler.cxx
Linking CXX executable cmTryCompileExec1920588857
/usr/bin/cmake -E cmake_link_script CMakeFiles/cmTryCompileExec1920588857.dir/link.txt --verbose=1
/usr/bin/c++        CMakeFiles/cmTryCompileExec1920588857.dir/testCXXCompiler.cxx.o  -o cmTryCompileExec1920588857 -rdynamic 
make[1]: se sale del directorio «/home/ruben/Documentos/3IngInformatica/FSIV/opencv-2.4.11/build2/CMakeFiles/CMakeTmp»


Detecting CXX compiler ABI info compiled with the following output:
Change Dir: /home/ruben/Documentos/3IngInformatica/FSIV/opencv-2.4.11/build2/CMakeFiles/CMakeTmp

Run Build Command:/usr/bin/make "cmTryCompileExec410263422/fast"
/usr/bin/make -f CMakeFiles/cmTryCompileExec410263422.dir/build.make CMakeFiles/cmTryCompileExec410263422.dir/build
make[1]: se ingresa al directorio «/home/ruben/Documentos/3IngInformatica/FSIV/opencv-2.4.11/build2/CMakeFiles/CMakeTmp»
/usr/bin/cmake -E cmake_progress_report /home/ruben/Documentos/3IngInformatica/FSIV/opencv-2.4.11/build2/CMakeFiles/CMakeTmp/CMakeFiles 1
Building CXX object CMakeFiles/cmTryCompileExec410263422.dir/CMakeCXXCompilerABI.cpp.o
/usr/bin/c++     -o CMakeFiles/cmTryCompileExec410263422.dir/CMakeCXXCompilerABI.cpp.o -c /usr/share/cmake-2.8/Modules/CMakeCXXCompilerABI.cpp
Linking CXX executable cmTryCompileExec410263422
/usr/bin/cmake -E cmake_link_script CMakeFiles/cmTryCompileExec410263422.dir/link.txt --verbose=1
/usr/bin/c++      -v CMakeFiles/cmTryCompileExec410263422.dir/CMakeCXXCompilerABI.cpp.o  -o cmTryCompileExec410263422 -rdynamic  
Using built-in specs.
COLLECT_GCC=/usr/bin/c++
COLLECT_LTO_WRAPPER=/usr/lib/gcc/x86_64-linux-gnu/4.8/lto-wrapper
Target: x86_64-linux-gnu
Configured with: ../src/configure -v --with-pkgversion='Ubuntu 4.8.4-2ubuntu1~14.04' --with-bugurl=file:///usr/share/doc/gcc-4.8/README.Bugs --enable-languages=c,c++,java,go,d,fortran,objc,obj-c++ --prefix=/usr --program-suffix=-4.8 --enable-shared --enable-linker-build-id --libexecdir=/usr/lib --without-included-gettext --enable-threads=posix --with-gxx-include-dir=/usr/include/c++/4.8 --libdir=/usr/lib --enable-nls --with-sysroot=/ --enable-clocale=gnu --enable-libstdcxx-debug --enable-libstdcxx-time=yes --enable-gnu-unique-object --disable-libmudflap --enable-plugin --with-system-zlib --disable-browser-plugin --enable-java-awt=gtk --enable-gtk-cairo --with-java-home=/usr/lib/jvm/java-1.5.0-gcj-4.8-amd64/jre --enable-java-home --with-jvm-root-dir=/usr/lib/jvm/java-1.5.0-gcj-4.8-amd64 --with-jvm-jar-dir=/usr/lib/jvm-exports/java-1.5.0-gcj-4.8-amd64 --with-arch-directory=amd64 --with-ecj-jar=/usr/share/java/eclipse-ecj.jar --enable-objc-gc --enable-multiarch --disable-werror --with-arch-32=i686 --with-abi=m64 --with-multilib-list=m32,m64,mx32 --with-tune=generic --enable-checking=release --build=x86_64-linux-gnu --host=x86_64-linux-gnu --target=x86_64-linux-gnu
Thread model: posix
gcc version 4.8.4 (Ubuntu 4.8.4-2ubuntu1~14.04) 
COMPILER_PATH=/usr/lib/gcc/x86_64-linux-gnu/4.8/:/usr/lib/gcc/x86_64-linux-gnu/4.8/:/usr/lib/gcc/x86_64-linux-gnu/:/usr/lib/gcc/x86_64-linux-gnu/4.8/:/usr/lib/gcc/x86_64-linux-gnu/
LIBRARY_PATH=/usr/lib/gcc/x86_64-linux-gnu/4.8/:/usr/lib/gcc/x86_64-linux-gnu/4.8/../../../x86_64-linux-gnu/:/usr/lib/gcc/x86_64-linux-gnu/4.8/../../../../lib/:/lib/x86_64-linux-gnu/:/lib/../lib/:/usr/lib/x86_64-linux-gnu/:/usr/lib/../lib/:/usr/lib/gcc/x86_64-linux-gnu/4.8/../../../:/lib/:/usr/lib/
COLLECT_GCC_OPTIONS='-v' '-o' 'cmTryCompileExec410263422' '-rdynamic' '-shared-libgcc' '-mtune=generic' '-march=x86-64'
 /usr/lib/gcc/x86_64-linux-gnu/4.8/collect2 --sysroot=/ --build-id --eh-frame-hdr -m elf_x86_64 --hash-style=gnu --as-needed -export-dynamic -dynamic-linker /lib64/ld-linux-x86-64.so.2 -z relro -o cmTryCompileExec410263422 /usr/lib/gcc/x86_64-linux-gnu/4.8/../../../x86_64-linux-gnu/crt1.o /usr/lib/gcc/x86_64-linux-gnu/4.8/../../../x86_64-linux-gnu/crti.o /usr/lib/gcc/x86_64-linux-gnu/4.8/crtbegin.o -L/usr/lib/gcc/x86_64-linux-gnu/4.8 -L/usr/lib/gcc/x86_64-linux-gnu/4.8/../../../x86_64-linux-gnu -L/usr/lib/gcc/x86_64-linux-gnu/4.8/../../../../lib -L/lib/x86_64-linux-gnu -L/lib/../lib -L/usr/lib/x86_64-linux-gnu -L/usr/lib/../lib -L/usr/lib/gcc/x86_64-linux-gnu/4.8/../../.. CMakeFiles/cmTryCompileExec410263422.dir/CMakeCXXCompilerABI.cpp.o -lstdc++ -lm -lgcc_s -lgcc -lc -lgcc_s -lgcc /usr/lib/gcc/x86_64-linux-gnu/4.8/crtend.o /usr/lib/gcc/x86_64-linux-gnu/4.8/../../../x86_64-linux-gnu/crtn.o
make[1]: se sale del directorio «/home/ruben/Documentos/3IngInformatica/FSIV/opencv-2.4.11/build2/CMakeFiles/CMakeTmp»


Parsed CXX implicit link information from above output:
  link line regex: [^( *|.*[/\])(ld|([^/\]+-)?ld|collect2)[^/\]*( |$)]
  ignore line: [Change Dir: /home/ruben/Documentos/3IngInformatica/FSIV/opencv-2.4.11/build2/CMakeFiles/CMakeTmp]
  ignore line: []
  ignore line: [Run Build Command:/usr/bin/make "cmTryCompileExec410263422/fast"]
  ignore line: [/usr/bin/make -f CMakeFiles/cmTryCompileExec410263422.dir/build.make CMakeFiles/cmTryCompileExec410263422.dir/build]
  ignore line: [make[1]: se ingresa al directorio «/home/ruben/Documentos/3IngInformatica/FSIV/opencv-2.4.11/build2/CMakeFiles/CMakeTmp»]
  ignore line: [/usr/bin/cmake -E cmake_progress_report /home/ruben/Documentos/3IngInformatica/FSIV/opencv-2.4.11/build2/CMakeFiles/CMakeTmp/CMakeFiles 1]
  ignore line: [Building CXX object CMakeFiles/cmTryCompileExec410263422.dir/CMakeCXXCompilerABI.cpp.o]
  ignore line: [/usr/bin/c++     -o CMakeFiles/cmTryCompileExec410263422.dir/CMakeCXXCompilerABI.cpp.o -c /usr/share/cmake-2.8/Modules/CMakeCXXCompilerABI.cpp]
  ignore line: [Linking CXX executable cmTryCompileExec410263422]
  ignore line: [/usr/bin/cmake -E cmake_link_script CMakeFiles/cmTryCompileExec410263422.dir/link.txt --verbose=1]
  ignore line: [/usr/bin/c++      -v CMakeFiles/cmTryCompileExec410263422.dir/CMakeCXXCompilerABI.cpp.o  -o cmTryCompileExec410263422 -rdynamic  ]
  ignore line: [Using built-in specs.]
  ignore line: [COLLECT_GCC=/usr/bin/c++]
  ignore line: [COLLECT_LTO_WRAPPER=/usr/lib/gcc/x86_64-linux-gnu/4.8/lto-wrapper]
  ignore line: [Target: x86_64-linux-gnu]
  ignore line: [Configured with: ../src/configure -v --with-pkgversion='Ubuntu 4.8.4-2ubuntu1~14.04' --with-bugurl=file:///usr/share/doc/gcc-4.8/README.Bugs --enable-languages=c,c++,java,go,d,fortran,objc,obj-c++ --prefix=/usr --program-suffix=-4.8 --enable-shared --enable-linker-build-id --libexecdir=/usr/lib --without-included-gettext --enable-threads=posix --with-gxx-include-dir=/usr/include/c++/4.8 --libdir=/usr/lib --enable-nls --with-sysroot=/ --enable-clocale=gnu --enable-libstdcxx-debug --enable-libstdcxx-time=yes --enable-gnu-unique-object --disable-libmudflap --enable-plugin --with-system-zlib --disable-browser-plugin --enable-java-awt=gtk --enable-gtk-cairo --with-java-home=/usr/lib/jvm/java-1.5.0-gcj-4.8-amd64/jre --enable-java-home --with-jvm-root-dir=/usr/lib/jvm/java-1.5.0-gcj-4.8-amd64 --with-jvm-jar-dir=/usr/lib/jvm-exports/java-1.5.0-gcj-4.8-amd64 --with-arch-directory=amd64 --with-ecj-jar=/usr/share/java/eclipse-ecj.jar --enable-objc-gc --enable-multiarch --disable-werror --with-arch-32=i686 --with-abi=m64 --with-multilib-list=m32,m64,mx32 --with-tune=generic --enable-checking=release --build=x86_64-linux-gnu --host=x86_64-linux-gnu --target=x86_64-linux-gnu]
  ignore line: [Thread model: posix]
  ignore line: [gcc version 4.8.4 (Ubuntu 4.8.4-2ubuntu1~14.04) ]
  ignore line: [COMPILER_PATH=/usr/lib/gcc/x86_64-linux-gnu/4.8/:/usr/lib/gcc/x86_64-linux-gnu/4.8/:/usr/lib/gcc/x86_64-linux-gnu/:/usr/lib/gcc/x86_64-linux-gnu/4.8/:/usr/lib/gcc/x86_64-linux-gnu/]
  ignore line: [LIBRARY_PATH=/usr/lib/gcc/x86_64-linux-gnu/4.8/:/usr/lib/gcc/x86_64-linux-gnu/4.8/../../../x86_64-linux-gnu/:/usr/lib/gcc/x86_64-linux-gnu/4.8/../../../../lib/:/lib/x86_64-linux-gnu/:/lib/../lib/:/usr/lib/x86_64-linux-gnu/:/usr/lib/../lib/:/usr/lib/gcc/x86_64-linux-gnu/4.8/../../../:/lib/:/usr/lib/]
  ignore line: [COLLECT_GCC_OPTIONS='-v' '-o' 'cmTryCompileExec410263422' '-rdynamic' '-shared-libgcc' '-mtune=generic' '-march=x86-64']
  link line: [ /usr/lib/gcc/x86_64-linux-gnu/4.8/collect2 --sysroot=/ --build-id --eh-frame-hdr -m elf_x86_64 --hash-style=gnu --as-needed -export-dynamic -dynamic-linker /lib64/ld-linux-x86-64.so.2 -z relro -o cmTryCompileExec410263422 /usr/lib/gcc/x86_64-linux-gnu/4.8/../../../x86_64-linux-gnu/crt1.o /usr/lib/gcc/x86_64-linux-gnu/4.8/../../../x86_64-linux-gnu/crti.o /usr/lib/gcc/x86_64-linux-gnu/4.8/crtbegin.o -L/usr/lib/gcc/x86_64-linux-gnu/4.8 -L/usr/lib/gcc/x86_64-linux-gnu/4.8/../../../x86_64-linux-gnu -L/usr/lib/gcc/x86_64-linux-gnu/4.8/../../../../lib -L/lib/x86_64-linux-gnu -L/lib/../lib -L/usr/lib/x86_64-linux-gnu -L/usr/lib/../lib -L/usr/lib/gcc/x86_64-linux-gnu/4.8/../../.. CMakeFiles/cmTryCompileExec410263422.dir/CMakeCXXCompilerABI.cpp.o -lstdc++ -lm -lgcc_s -lgcc -lc -lgcc_s -lgcc /usr/lib/gcc/x86_64-linux-gnu/4.8/crtend.o /usr/lib/gcc/x86_64-linux-gnu/4.8/../../../x86_64-linux-gnu/crtn.o]
    arg [/usr/lib/gcc/x86_64-linux-gnu/4.8/collect2] ==> ignore
    arg [--sysroot=/] ==> ignore
    arg [--build-id] ==> ignore
    arg [--eh-frame-hdr] ==> ignore
    arg [-m] ==> ignore
    arg [elf_x86_64] ==> ignore
    arg [--hash-style=gnu] ==> ignore
    arg [--as-needed] ==> ignore
    arg [-export-dynamic] ==> ignore
    arg [-dynamic-linker] ==> ignore
    arg [/lib64/ld-linux-x86-64.so.2] ==> ignore
    arg [-zrelro] ==> ignore
    arg [-o] ==> ignore
    arg [cmTryCompileExec410263422] ==> ignore
    arg [/usr/lib/gcc/x86_64-linux-gnu/4.8/../../../x86_64-linux-gnu/crt1.o] ==> ignore
    arg [/usr/lib/gcc/x86_64-linux-gnu/4.8/../../../x86_64-linux-gnu/crti.o] ==> ignore
    arg [/usr/lib/gcc/x86_64-linux-gnu/4.8/crtbegin.o] ==> ignore
    arg [-L/usr/lib/gcc/x86_64-linux-gnu/4.8] ==> dir [/usr/lib/gcc/x86_64-linux-gnu/4.8]
    arg [-L/usr/lib/gcc/x86_64-linux-gnu/4.8/../../../x86_64-linux-gnu] ==> dir [/usr/lib/gcc/x86_64-linux-gnu/4.8/../../../x86_64-linux-gnu]
    arg [-L/usr/lib/gcc/x86_64-linux-gnu/4.8/../../../../lib] ==> dir [/usr/lib/gcc/x86_64-linux-gnu/4.8/../../../../lib]
    arg [-L/lib/x86_64-linux-gnu] ==> dir [/lib/x86_64-linux-gnu]
    arg [-L/lib/../lib] ==> dir [/lib/../lib]
    arg [-L/usr/lib/x86_64-linux-gnu] ==> dir [/usr/lib/x86_64-linux-gnu]
    arg [-L/usr/lib/../lib] ==> dir [/usr/lib/../lib]
    arg [-L/usr/lib/gcc/x86_64-linux-gnu/4.8/../../..] ==> dir [/usr/lib/gcc/x86_64-linux-gnu/4.8/../../..]
    arg [CMakeFiles/cmTryCompileExec410263422.dir/CMakeCXXCompilerABI.cpp.o] ==> ignore
    arg [-lstdc++] ==> lib [stdc++]
    arg [-lm] ==> lib [m]
    arg [-lgcc_s] ==> lib [gcc_s]
    arg [-lgcc] ==> lib [gcc]
    arg [-lc] ==> lib [c]
    arg [-lgcc_s] ==> lib [gcc_s]
    arg [-lgcc] ==> lib [gcc]
    arg [/usr/lib/gcc/x86_64-linux-gnu/4.8/crtend.o] ==> ignore
    arg [/usr/lib/gcc/x86_64-linux-gnu/4.8/../../../x86_64-linux-gnu/crtn.o] ==> ignore
  remove lib [gcc_s]
  remove lib [gcc]
  remove lib [gcc_s]
  remove lib [gcc]
  collapse library dir [/usr/lib/gcc/x86_64-linux-gnu/4.8] ==> [/usr/lib/gcc/x86_64-linux-gnu/4.8]
  collapse library dir [/usr/lib/gcc/x86_64-linux-gnu/4.8/../../../x86_64-linux-gnu] ==> [/usr/lib/x86_64-linux-gnu]
  collapse library dir [/usr/lib/gcc/x86_64-linux-gnu/4.8/../../../../lib] ==> [/usr/lib]
  collapse library dir [/lib/x86_64-linux-gnu] ==> [/lib/x86_64-linux-gnu]
  collapse library dir [/lib/../lib] ==> [/lib]
  collapse library dir [/usr/lib/x86_64-linux-gnu] ==> [/usr/lib/x86_64-linux-gnu]
  collapse library dir [/usr/lib/../lib] ==> [/usr/lib]
  collapse library dir [/usr/lib/gcc/x86_64-linux-gnu/4.8/../../..] ==> [/usr/lib]
  implicit libs: [stdc++;m;c]
  implicit dirs: [/usr/lib/gcc/x86_64-linux-gnu/4.8;/usr/lib/x86_64-linux-gnu;/usr/lib;/lib/x86_64-linux-gnu;/lib]
  implicit fwks: []


Determining if the C compiler works passed with the following output:
Change Dir: /home/ruben/Documentos/3IngInformatica/FSIV/opencv-2.4.11/build2/CMakeFiles/CMakeTmp

Run Build Command:/usr/bin/make "cmTryCompileExec4223041384/fast"
/usr/bin/make -f CMakeFiles/cmTryCompileExec4223041384.dir/build.make CMakeFiles/cmTryCompileExec4223041384.dir/build
make[1]: se ingresa al directorio «/home/ruben/Documentos/3IngInformatica/FSIV/opencv-2.4.11/build2/CMakeFiles/CMakeTmp»
/usr/bin/cmake -E cmake_progress_report /home/ruben/Documentos/3IngInformatica/FSIV/opencv-2.4.11/build2/CMakeFiles/CMakeTmp/CMakeFiles 1
Building C object CMakeFiles/cmTryCompileExec4223041384.dir/testCCompiler.c.o
/usr/bin/cc    -o CMakeFiles/cmTryCompileExec4223041384.dir/testCCompiler.c.o   -c /home/ruben/Documentos/3IngInformatica/FSIV/opencv-2.4.11/build2/CMakeFiles/CMakeTmp/testCCompiler.c
Linking C executable cmTryCompileExec4223041384
/usr/bin/cmake -E cmake_link_script CMakeFiles/cmTryCompileExec4223041384.dir/link.txt --verbose=1
/usr/bin/cc       CMakeFiles/cmTryCompileExec4223041384.dir/testCCompiler.c.o  -o cmTryCompileExec4223041384 -rdynamic 
make[1]: se sale del directorio «/home/ruben/Documentos/3IngInformatica/FSIV/opencv-2.4.11/build2/CMakeFiles/CMakeTmp»


Detecting C compiler ABI info compiled with the following output:
Change Dir: /home/ruben/Documentos/3IngInformatica/FSIV/opencv-2.4.11/build2/CMakeFiles/CMakeTmp

Run Build Command:/usr/bin/make "cmTryCompileExec2072239419/fast"
/usr/bin/make -f CMakeFiles/cmTryCompileExec2072239419.dir/build.make CMakeFiles/cmTryCompileExec2072239419.dir/build
make[1]: se ingresa al directorio «/home/ruben/Documentos/3IngInformatica/FSIV/opencv-2.4.11/build2/CMakeFiles/CMakeTmp»
/usr/bin/cmake -E cmake_progress_report /home/ruben/Documentos/3IngInformatica/FSIV/opencv-2.4.11/build2/CMakeFiles/CMakeTmp/CMakeFiles 1
Building C object CMakeFiles/cmTryCompileExec2072239419.dir/CMakeCCompilerABI.c.o
/usr/bin/cc    -o CMakeFiles/cmTryCompileExec2072239419.dir/CMakeCCompilerABI.c.o   -c /usr/share/cmake-2.8/Modules/CMakeCCompilerABI.c
Linking C executable cmTryCompileExec2072239419
/usr/bin/cmake -E cmake_link_script CMakeFiles/cmTryCompileExec2072239419.dir/link.txt --verbose=1
/usr/bin/cc     -v CMakeFiles/cmTryCompileExec2072239419.dir/CMakeCCompilerABI.c.o  -o cmTryCompileExec2072239419 -rdynamic  
Using built-in specs.
COLLECT_GCC=/usr/bin/cc
COLLECT_LTO_WRAPPER=/usr/lib/gcc/x86_64-linux-gnu/4.8/lto-wrapper
Target: x86_64-linux-gnu
Configured with: ../src/configure -v --with-pkgversion='Ubuntu 4.8.4-2ubuntu1~14.04' --with-bugurl=file:///usr/share/doc/gcc-4.8/README.Bugs --enable-languages=c,c++,java,go,d,fortran,objc,obj-c++ --prefix=/usr --program-suffix=-4.8 --enable-shared --enable-linker-build-id --libexecdir=/usr/lib --without-included-gettext --enable-threads=posix --with-gxx-include-dir=/usr/include/c++/4.8 --libdir=/usr/lib --enable-nls --with-sysroot=/ --enable-clocale=gnu --enable-libstdcxx-debug --enable-libstdcxx-time=yes --enable-gnu-unique-object --disable-libmudflap --enable-plugin --with-system-zlib --disable-browser-plugin --enable-java-awt=gtk --enable-gtk-cairo --with-java-home=/usr/lib/jvm/java-1.5.0-gcj-4.8-amd64/jre --enable-java-home --with-jvm-root-dir=/usr/lib/jvm/java-1.5.0-gcj-4.8-amd64 --with-jvm-jar-dir=/usr/lib/jvm-exports/java-1.5.0-gcj-4.8-amd64 --with-arch-directory=amd64 --with-ecj-jar=/usr/share/java/eclipse-ecj.jar --enable-objc-gc --enable-multiarch --disable-werror --with-arch-32=i686 --with-abi=m64 --with-multilib-list=m32,m64,mx32 --with-tune=generic --enable-checking=release --build=x86_64-linux-gnu --host=x86_64-linux-gnu --target=x86_64-linux-gnu
Thread model: posix
gcc version 4.8.4 (Ubuntu 4.8.4-2ubuntu1~14.04) 
COMPILER_PATH=/usr/lib/gcc/x86_64-linux-gnu/4.8/:/usr/lib/gcc/x86_64-linux-gnu/4.8/:/usr/lib/gcc/x86_64-linux-gnu/:/usr/lib/gcc/x86_64-linux-gnu/4.8/:/usr/lib/gcc/x86_64-linux-gnu/
LIBRARY_PATH=/usr/lib/gcc/x86_64-linux-gnu/4.8/:/usr/lib/gcc/x86_64-linux-gnu/4.8/../../../x86_64-linux-gnu/:/usr/lib/gcc/x86_64-linux-gnu/4.8/../../../../lib/:/lib/x86_64-linux-gnu/:/lib/../lib/:/usr/lib/x86_64-linux-gnu/:/usr/lib/../lib/:/usr/lib/gcc/x86_64-linux-gnu/4.8/../../../:/lib/:/usr/lib/
COLLECT_GCC_OPTIONS='-v' '-o' 'cmTryCompileExec2072239419' '-rdynamic' '-mtune=generic' '-march=x86-64'
 /usr/lib/gcc/x86_64-linux-gnu/4.8/collect2 --sysroot=/ --build-id --eh-frame-hdr -m elf_x86_64 --hash-style=gnu --as-needed -export-dynamic -dynamic-linker /lib64/ld-linux-x86-64.so.2 -z relro -o cmTryCompileExec2072239419 /usr/lib/gcc/x86_64-linux-gnu/4.8/../../../x86_64-linux-gnu/crt1.o /usr/lib/gcc/x86_64-linux-gnu/4.8/../../../x86_64-linux-gnu/crti.o /usr/lib/gcc/x86_64-linux-gnu/4.8/crtbegin.o -L/usr/lib/gcc/x86_64-linux-gnu/4.8 -L/usr/lib/gcc/x86_64-linux-gnu/4.8/../../../x86_64-linux-gnu -L/usr/lib/gcc/x86_64-linux-gnu/4.8/../../../../lib -L/lib/x86_64-linux-gnu -L/lib/../lib -L/usr/lib/x86_64-linux-gnu -L/usr/lib/../lib -L/usr/lib/gcc/x86_64-linux-gnu/4.8/../../.. CMakeFiles/cmTryCompileExec2072239419.dir/CMakeCCompilerABI.c.o -lgcc --as-needed -lgcc_s --no-as-needed -lc -lgcc --as-needed -lgcc_s --no-as-needed /usr/lib/gcc/x86_64-linux-gnu/4.8/crtend.o /usr/lib/gcc/x86_64-linux-gnu/4.8/../../../x86_64-linux-gnu/crtn.o
make[1]: se sale del directorio «/home/ruben/Documentos/3IngInformatica/FSIV/opencv-2.4.11/build2/CMakeFiles/CMakeTmp»


Parsed C implicit link information from above output:
  link line regex: [^( *|.*[/\])(ld|([^/\]+-)?ld|collect2)[^/\]*( |$)]
  ignore line: [Change Dir: /home/ruben/Documentos/3IngInformatica/FSIV/opencv-2.4.11/build2/CMakeFiles/CMakeTmp]
  ignore line: []
  ignore line: [Run Build Command:/usr/bin/make "cmTryCompileExec2072239419/fast"]
  ignore line: [/usr/bin/make -f CMakeFiles/cmTryCompileExec2072239419.dir/build.make CMakeFiles/cmTryCompileExec2072239419.dir/build]
  ignore line: [make[1]: se ingresa al directorio «/home/ruben/Documentos/3IngInformatica/FSIV/opencv-2.4.11/build2/CMakeFiles/CMakeTmp»]
  ignore line: [/usr/bin/cmake -E cmake_progress_report /home/ruben/Documentos/3IngInformatica/FSIV/opencv-2.4.11/build2/CMakeFiles/CMakeTmp/CMakeFiles 1]
  ignore line: [Building C object CMakeFiles/cmTryCompileExec2072239419.dir/CMakeCCompilerABI.c.o]
  ignore line: [/usr/bin/cc    -o CMakeFiles/cmTryCompileExec2072239419.dir/CMakeCCompilerABI.c.o   -c /usr/share/cmake-2.8/Modules/CMakeCCompilerABI.c]
  ignore line: [Linking C executable cmTryCompileExec2072239419]
  ignore line: [/usr/bin/cmake -E cmake_link_script CMakeFiles/cmTryCompileExec2072239419.dir/link.txt --verbose=1]
  ignore line: [/usr/bin/cc     -v CMakeFiles/cmTryCompileExec2072239419.dir/CMakeCCompilerABI.c.o  -o cmTryCompileExec2072239419 -rdynamic  ]
  ignore line: [Using built-in specs.]
  ignore line: [COLLECT_GCC=/usr/bin/cc]
  ignore line: [COLLECT_LTO_WRAPPER=/usr/lib/gcc/x86_64-linux-gnu/4.8/lto-wrapper]
  ignore line: [Target: x86_64-linux-gnu]
  ignore line: [Configured with: ../src/configure -v --with-pkgversion='Ubuntu 4.8.4-2ubuntu1~14.04' --with-bugurl=file:///usr/share/doc/gcc-4.8/README.Bugs --enable-languages=c,c++,java,go,d,fortran,objc,obj-c++ --prefix=/usr --program-suffix=-4.8 --enable-shared --enable-linker-build-id --libexecdir=/usr/lib --without-included-gettext --enable-threads=posix --with-gxx-include-dir=/usr/include/c++/4.8 --libdir=/usr/lib --enable-nls --with-sysroot=/ --enable-clocale=gnu --enable-libstdcxx-debug --enable-libstdcxx-time=yes --enable-gnu-unique-object --disable-libmudflap --enable-plugin --with-system-zlib --disable-browser-plugin --enable-java-awt=gtk --enable-gtk-cairo --with-java-home=/usr/lib/jvm/java-1.5.0-gcj-4.8-amd64/jre --enable-java-home --with-jvm-root-dir=/usr/lib/jvm/java-1.5.0-gcj-4.8-amd64 --with-jvm-jar-dir=/usr/lib/jvm-exports/java-1.5.0-gcj-4.8-amd64 --with-arch-directory=amd64 --with-ecj-jar=/usr/share/java/eclipse-ecj.jar --enable-objc-gc --enable-multiarch --disable-werror --with-arch-32=i686 --with-abi=m64 --with-multilib-list=m32,m64,mx32 --with-tune=generic --enable-checking=release --build=x86_64-linux-gnu --host=x86_64-linux-gnu --target=x86_64-linux-gnu]
  ignore line: [Thread model: posix]
  ignore line: [gcc version 4.8.4 (Ubuntu 4.8.4-2ubuntu1~14.04) ]
  ignore line: [COMPILER_PATH=/usr/lib/gcc/x86_64-linux-gnu/4.8/:/usr/lib/gcc/x86_64-linux-gnu/4.8/:/usr/lib/gcc/x86_64-linux-gnu/:/usr/lib/gcc/x86_64-linux-gnu/4.8/:/usr/lib/gcc/x86_64-linux-gnu/]
  ignore line: [LIBRARY_PATH=/usr/lib/gcc/x86_64-linux-gnu/4.8/:/usr/lib/gcc/x86_64-linux-gnu/4.8/../../../x86_64-linux-gnu/:/usr/lib/gcc/x86_64-linux-gnu/4.8/../../../../lib/:/lib/x86_64-linux-gnu/:/lib/../lib/:/usr/lib/x86_64-linux-gnu/:/usr/lib/../lib/:/usr/lib/gcc/x86_64-linux-gnu/4.8/../../../:/lib/:/usr/lib/]
  ignore line: [COLLECT_GCC_OPTIONS='-v' '-o' 'cmTryCompileExec2072239419' '-rdynamic' '-mtune=generic' '-march=x86-64']
  link line: [ /usr/lib/gcc/x86_64-linux-gnu/4.8/collect2 --sysroot=/ --build-id --eh-frame-hdr -m elf_x86_64 --hash-style=gnu --as-needed -export-dynamic -dynamic-linker /lib64/ld-linux-x86-64.so.2 -z relro -o cmTryCompileExec2072239419 /usr/lib/gcc/x86_64-linux-gnu/4.8/../../../x86_64-linux-gnu/crt1.o /usr/lib/gcc/x86_64-linux-gnu/4.8/../../../x86_64-linux-gnu/crti.o /usr/lib/gcc/x86_64-linux-gnu/4.8/crtbegin.o -L/usr/lib/gcc/x86_64-linux-gnu/4.8 -L/usr/lib/gcc/x86_64-linux-gnu/4.8/../../../x86_64-linux-gnu -L/usr/lib/gcc/x86_64-linux-gnu/4.8/../../../../lib -L/lib/x86_64-linux-gnu -L/lib/../lib -L/usr/lib/x86_64-linux-gnu -L/usr/lib/../lib -L/usr/lib/gcc/x86_64-linux-gnu/4.8/../../.. CMakeFiles/cmTryCompileExec2072239419.dir/CMakeCCompilerABI.c.o -lgcc --as-needed -lgcc_s --no-as-needed -lc -lgcc --as-needed -lgcc_s --no-as-needed /usr/lib/gcc/x86_64-linux-gnu/4.8/crtend.o /usr/lib/gcc/x86_64-linux-gnu/4.8/../../../x86_64-linux-gnu/crtn.o]
    arg [/usr/lib/gcc/x86_64-linux-gnu/4.8/collect2] ==> ignore
    arg [--sysroot=/] ==> ignore
    arg [--build-id] ==> ignore
    arg [--eh-frame-hdr] ==> ignore
    arg [-m] ==> ignore
    arg [elf_x86_64] ==> ignore
    arg [--hash-style=gnu] ==> ignore
    arg [--as-needed] ==> ignore
    arg [-export-dynamic] ==> ignore
    arg [-dynamic-linker] ==> ignore
    arg [/lib64/ld-linux-x86-64.so.2] ==> ignore
    arg [-zrelro] ==> ignore
    arg [-o] ==> ignore
    arg [cmTryCompileExec2072239419] ==> ignore
    arg [/usr/lib/gcc/x86_64-linux-gnu/4.8/../../../x86_64-linux-gnu/crt1.o] ==> ignore
    arg [/usr/lib/gcc/x86_64-linux-gnu/4.8/../../../x86_64-linux-gnu/crti.o] ==> ignore
    arg [/usr/lib/gcc/x86_64-linux-gnu/4.8/crtbegin.o] ==> ignore
    arg [-L/usr/lib/gcc/x86_64-linux-gnu/4.8] ==> dir [/usr/lib/gcc/x86_64-linux-gnu/4.8]
    arg [-L/usr/lib/gcc/x86_64-linux-gnu/4.8/../../../x86_64-linux-gnu] ==> dir [/usr/lib/gcc/x86_64-linux-gnu/4.8/../../../x86_64-linux-gnu]
    arg [-L/usr/lib/gcc/x86_64-linux-gnu/4.8/../../../../lib] ==> dir [/usr/lib/gcc/x86_64-linux-gnu/4.8/../../../../lib]
    arg [-L/lib/x86_64-linux-gnu] ==> dir [/lib/x86_64-linux-gnu]
    arg [-L/lib/../lib] ==> dir [/lib/../lib]
    arg [-L/usr/lib/x86_64-linux-gnu] ==> dir [/usr/lib/x86_64-linux-gnu]
    arg [-L/usr/lib/../lib] ==> dir [/usr/lib/../lib]
    arg [-L/usr/lib/gcc/x86_64-linux-gnu/4.8/../../..] ==> dir [/usr/lib/gcc/x86_64-linux-gnu/4.8/../../..]
    arg [CMakeFiles/cmTryCompileExec2072239419.dir/CMakeCCompilerABI.c.o] ==> ignore
    arg [-lgcc] ==> lib [gcc]
    arg [--as-needed] ==> ignore
    arg [-lgcc_s] ==> lib [gcc_s]
    arg [--no-as-needed] ==> ignore
    arg [-lc] ==> lib [c]
    arg [-lgcc] ==> lib [gcc]
    arg [--as-needed] ==> ignore
    arg [-lgcc_s] ==> lib [gcc_s]
    arg [--no-as-needed] ==> ignore
    arg [/usr/lib/gcc/x86_64-linux-gnu/4.8/crtend.o] ==> ignore
    arg [/usr/lib/gcc/x86_64-linux-gnu/4.8/../../../x86_64-linux-gnu/crtn.o] ==> ignore
  remove lib [gcc]
  remove lib [gcc_s]
  remove lib [gcc]
  remove lib [gcc_s]
  collapse library dir [/usr/lib/gcc/x86_64-linux-gnu/4.8] ==> [/usr/lib/gcc/x86_64-linux-gnu/4.8]
  collapse library dir [/usr/lib/gcc/x86_64-linux-gnu/4.8/../../../x86_64-linux-gnu] ==> [/usr/lib/x86_64-linux-gnu]
  collapse library dir [/usr/lib/gcc/x86_64-linux-gnu/4.8/../../../../lib] ==> [/usr/lib]
  collapse library dir [/lib/x86_64-linux-gnu] ==> [/lib/x86_64-linux-gnu]
  collapse library dir [/lib/../lib] ==> [/lib]
  collapse library dir [/usr/lib/x86_64-linux-gnu] ==> [/usr/lib/x86_64-linux-gnu]
  collapse library dir [/usr/lib/../lib] ==> [/usr/lib]
  collapse library dir [/usr/lib/gcc/x86_64-linux-gnu/4.8/../../..] ==> [/usr/lib]
  implicit libs: [c]
  implicit dirs: [/usr/lib/gcc/x86_64-linux-gnu/4.8;/usr/lib/x86_64-linux-gnu;/usr/lib;/lib/x86_64-linux-gnu;/lib]
  implicit fwks: []


Determining if the include file pthread.h exists passed with the following output:
Change Dir: /home/ruben/Documentos/3IngInformatica/FSIV/opencv-2.4.11/build2/CMakeFiles/CMakeTmp

Run Build Command:/usr/bin/make "cmTryCompileExec3746343298/fast"
/usr/bin/make -f CMakeFiles/cmTryCompileExec3746343298.dir/build.make CMakeFiles/cmTryCompileExec3746343298.dir/build
make[1]: se ingresa al directorio «/home/ruben/Documentos/3IngInformatica/FSIV/opencv-2.4.11/build2/CMakeFiles/CMakeTmp»
/usr/bin/cmake -E cmake_progress_report /home/ruben/Documentos/3IngInformatica/FSIV/opencv-2.4.11/build2/CMakeFiles/CMakeTmp/CMakeFiles 1
Building C object CMakeFiles/cmTryCompileExec3746343298.dir/CheckIncludeFile.c.o
/usr/bin/cc   -fsigned-char -W -Wall -Werror=return-type -Werror=address -Werror=sequence-point -Wformat -Werror=format-security -Wmissing-declarations -Wmissing-prototypes -Wstrict-prototypes -Wundef -Winit-self -Wpointer-arith -Wshadow -Wno-narrowing -fdiagnostics-show-option -Wno-long-long -pthread -fomit-frame-pointer -msse -msse2 -msse3 -ffunction-sections  -O3 -DNDEBUG   -o CMakeFiles/cmTryCompileExec3746343298.dir/CheckIncludeFile.c.o   -c /home/ruben/Documentos/3IngInformatica/FSIV/opencv-2.4.11/build2/CMakeFiles/CMakeTmp/CheckIncludeFile.c
Linking C executable cmTryCompileExec3746343298
/usr/bin/cmake -E cmake_link_script CMakeFiles/cmTryCompileExec3746343298.dir/link.txt --verbose=1
/usr/bin/cc     -fsigned-char -W -Wall -Werror=return-type -Werror=address -Werror=sequence-point -Wformat -Werror=format-security -Wmissing-declarations -Wmissing-prototypes -Wstrict-prototypes -Wundef -Winit-self -Wpointer-arith -Wshadow -Wno-narrowing -fdiagnostics-show-option -Wno-long-long -pthread -fomit-frame-pointer -msse -msse2 -msse3 -ffunction-sections  -O3 -DNDEBUG    CMakeFiles/cmTryCompileExec3746343298.dir/CheckIncludeFile.c.o  -o cmTryCompileExec3746343298 -rdynamic 
make[1]: se sale del directorio «/home/ruben/Documentos/3IngInformatica/FSIV/opencv-2.4.11/build2/CMakeFiles/CMakeTmp»


Determining if the include file sys/types.h exists passed with the following output:
Change Dir: /home/ruben/Documentos/3IngInformatica/FSIV/opencv-2.4.11/build2/CMakeFiles/CMakeTmp

Run Build Command:/usr/bin/make "cmTryCompileExec825775328/fast"
/usr/bin/make -f CMakeFiles/cmTryCompileExec825775328.dir/build.make CMakeFiles/cmTryCompileExec825775328.dir/build
make[1]: se ingresa al directorio «/home/ruben/Documentos/3IngInformatica/FSIV/opencv-2.4.11/build2/CMakeFiles/CMakeTmp»
/usr/bin/cmake -E cmake_progress_report /home/ruben/Documentos/3IngInformatica/FSIV/opencv-2.4.11/build2/CMakeFiles/CMakeTmp/CMakeFiles 1
Building C object CMakeFiles/cmTryCompileExec825775328.dir/CheckIncludeFile.c.o
/usr/bin/cc   -fsigned-char -W -Wall -Werror=return-type -Werror=address -Werror=sequence-point -Wformat -Werror=format-security -Wmissing-declarations -Wmissing-prototypes -Wstrict-prototypes -Wundef -Winit-self -Wpointer-arith -Wshadow -Wno-narrowing -fdiagnostics-show-option -Wno-long-long -pthread -fomit-frame-pointer -msse -msse2 -msse3 -ffunction-sections  -O3 -DNDEBUG   -o CMakeFiles/cmTryCompileExec825775328.dir/CheckIncludeFile.c.o   -c /home/ruben/Documentos/3IngInformatica/FSIV/opencv-2.4.11/build2/CMakeFiles/CMakeTmp/CheckIncludeFile.c
Linking C executable cmTryCompileExec825775328
/usr/bin/cmake -E cmake_link_script CMakeFiles/cmTryCompileExec825775328.dir/link.txt --verbose=1
/usr/bin/cc     -fsigned-char -W -Wall -Werror=return-type -Werror=address -Werror=sequence-point -Wformat -Werror=format-security -Wmissing-declarations -Wmissing-prototypes -Wstrict-prototypes -Wundef -Winit-self -Wpointer-arith -Wshadow -Wno-narrowing -fdiagnostics-show-option -Wno-long-long -pthread -fomit-frame-pointer -msse -msse2 -msse3 -ffunction-sections  -O3 -DNDEBUG    CMakeFiles/cmTryCompileExec825775328.dir/CheckIncludeFile.c.o  -o cmTryCompileExec825775328 -rdynamic 
make[1]: se sale del directorio «/home/ruben/Documentos/3IngInformatica/FSIV/opencv-2.4.11/build2/CMakeFiles/CMakeTmp»


Determining if the include file stdint.h exists passed with the following output:
Change Dir: /home/ruben/Documentos/3IngInformatica/FSIV/opencv-2.4.11/build2/CMakeFiles/CMakeTmp

Run Build Command:/usr/bin/make "cmTryCompileExec51638808/fast"
/usr/bin/make -f CMakeFiles/cmTryCompileExec51638808.dir/build.make CMakeFiles/cmTryCompileExec51638808.dir/build
make[1]: se ingresa al directorio «/home/ruben/Documentos/3IngInformatica/FSIV/opencv-2.4.11/build2/CMakeFiles/CMakeTmp»
/usr/bin/cmake -E cmake_progress_report /home/ruben/Documentos/3IngInformatica/FSIV/opencv-2.4.11/build2/CMakeFiles/CMakeTmp/CMakeFiles 1
Building C object CMakeFiles/cmTryCompileExec51638808.dir/CheckIncludeFile.c.o
/usr/bin/cc   -fsigned-char -W -Wall -Werror=return-type -Werror=address -Werror=sequence-point -Wformat -Werror=format-security -Wmissing-declarations -Wmissing-prototypes -Wstrict-prototypes -Wundef -Winit-self -Wpointer-arith -Wshadow -Wno-narrowing -fdiagnostics-show-option -Wno-long-long -pthread -fomit-frame-pointer -msse -msse2 -msse3 -ffunction-sections  -O3 -DNDEBUG   -o CMakeFiles/cmTryCompileExec51638808.dir/CheckIncludeFile.c.o   -c /home/ruben/Documentos/3IngInformatica/FSIV/opencv-2.4.11/build2/CMakeFiles/CMakeTmp/CheckIncludeFile.c
Linking C executable cmTryCompileExec51638808
/usr/bin/cmake -E cmake_link_script CMakeFiles/cmTryCompileExec51638808.dir/link.txt --verbose=1
/usr/bin/cc     -fsigned-char -W -Wall -Werror=return-type -Werror=address -Werror=sequence-point -Wformat -Werror=format-security -Wmissing-declarations -Wmissing-prototypes -Wstrict-prototypes -Wundef -Winit-self -Wpointer-arith -Wshadow -Wno-narrowing -fdiagnostics-show-option -Wno-long-long -pthread -fomit-frame-pointer -msse -msse2 -msse3 -ffunction-sections  -O3 -DNDEBUG    CMakeFiles/cmTryCompileExec51638808.dir/CheckIncludeFile.c.o  -o cmTryCompileExec51638808 -rdynamic 
make[1]: se sale del directorio «/home/ruben/Documentos/3IngInformatica/FSIV/opencv-2.4.11/build2/CMakeFiles/CMakeTmp»


Determining if the include file stddef.h exists passed with the following output:
Change Dir: /home/ruben/Documentos/3IngInformatica/FSIV/opencv-2.4.11/build2/CMakeFiles/CMakeTmp

Run Build Command:/usr/bin/make "cmTryCompileExec2071570528/fast"
/usr/bin/make -f CMakeFiles/cmTryCompileExec2071570528.dir/build.make CMakeFiles/cmTryCompileExec2071570528.dir/build
make[1]: se ingresa al directorio «/home/ruben/Documentos/3IngInformatica/FSIV/opencv-2.4.11/build2/CMakeFiles/CMakeTmp»
/usr/bin/cmake -E cmake_progress_report /home/ruben/Documentos/3IngInformatica/FSIV/opencv-2.4.11/build2/CMakeFiles/CMakeTmp/CMakeFiles 1
Building C object CMakeFiles/cmTryCompileExec2071570528.dir/CheckIncludeFile.c.o
/usr/bin/cc   -fsigned-char -W -Wall -Werror=return-type -Werror=address -Werror=sequence-point -Wformat -Werror=format-security -Wmissing-declarations -Wmissing-prototypes -Wstrict-prototypes -Wundef -Winit-self -Wpointer-arith -Wshadow -Wno-narrowing -fdiagnostics-show-option -Wno-long-long -pthread -fomit-frame-pointer -msse -msse2 -msse3 -ffunction-sections  -O3 -DNDEBUG   -o CMakeFiles/cmTryCompileExec2071570528.dir/CheckIncludeFile.c.o   -c /home/ruben/Documentos/3IngInformatica/FSIV/opencv-2.4.11/build2/CMakeFiles/CMakeTmp/CheckIncludeFile.c
Linking C executable cmTryCompileExec2071570528
/usr/bin/cmake -E cmake_link_script CMakeFiles/cmTryCompileExec2071570528.dir/link.txt --verbose=1
/usr/bin/cc     -fsigned-char -W -Wall -Werror=return-type -Werror=address -Werror=sequence-point -Wformat -Werror=format-security -Wmissing-declarations -Wmissing-prototypes -Wstrict-prototypes -Wundef -Winit-self -Wpointer-arith -Wshadow -Wno-narrowing -fdiagnostics-show-option -Wno-long-long -pthread -fomit-frame-pointer -msse -msse2 -msse3 -ffunction-sections  -O3 -DNDEBUG    CMakeFiles/cmTryCompileExec2071570528.dir/CheckIncludeFile.c.o  -o cmTryCompileExec2071570528 -rdynamic 
make[1]: se sale del directorio «/home/ruben/Documentos/3IngInformatica/FSIV/opencv-2.4.11/build2/CMakeFiles/CMakeTmp»


Determining size of unsigned short passed with the following output:
Change Dir: /home/ruben/Documentos/3IngInformatica/FSIV/opencv-2.4.11/build2/CMakeFiles/CMakeTmp

Run Build Command:/usr/bin/make "cmTryCompileExec104907734/fast"
/usr/bin/make -f CMakeFiles/cmTryCompileExec104907734.dir/build.make CMakeFiles/cmTryCompileExec104907734.dir/build
make[1]: se ingresa al directorio «/home/ruben/Documentos/3IngInformatica/FSIV/opencv-2.4.11/build2/CMakeFiles/CMakeTmp»
/usr/bin/cmake -E cmake_progress_report /home/ruben/Documentos/3IngInformatica/FSIV/opencv-2.4.11/build2/CMakeFiles/CMakeTmp/CMakeFiles 1
Building C object CMakeFiles/cmTryCompileExec104907734.dir/CMAKE_SIZEOF_UNSIGNED_SHORT.c.o
/usr/bin/cc   -fsigned-char -W -Wall -Werror=return-type -Werror=address -Werror=sequence-point -Wformat -Werror=format-security -Wmissing-declarations -Wmissing-prototypes -Wstrict-prototypes -Wundef -Winit-self -Wpointer-arith -Wshadow -Wno-narrowing -fdiagnostics-show-option -Wno-long-long -pthread -fomit-frame-pointer -msse -msse2 -msse3 -ffunction-sections  -O3 -DNDEBUG   -o CMakeFiles/cmTryCompileExec104907734.dir/CMAKE_SIZEOF_UNSIGNED_SHORT.c.o   -c /home/ruben/Documentos/3IngInformatica/FSIV/opencv-2.4.11/build2/CMakeFiles/CheckTypeSize/CMAKE_SIZEOF_UNSIGNED_SHORT.c
Linking C executable cmTryCompileExec104907734
/usr/bin/cmake -E cmake_link_script CMakeFiles/cmTryCompileExec104907734.dir/link.txt --verbose=1
/usr/bin/cc     -fsigned-char -W -Wall -Werror=return-type -Werror=address -Werror=sequence-point -Wformat -Werror=format-security -Wmissing-declarations -Wmissing-prototypes -Wstrict-prototypes -Wundef -Winit-self -Wpointer-arith -Wshadow -Wno-narrowing -fdiagnostics-show-option -Wno-long-long -pthread -fomit-frame-pointer -msse -msse2 -msse3 -ffunction-sections  -O3 -DNDEBUG    CMakeFiles/cmTryCompileExec104907734.dir/CMAKE_SIZEOF_UNSIGNED_SHORT.c.o  -o cmTryCompileExec104907734 -rdynamic 
make[1]: se sale del directorio «/home/ruben/Documentos/3IngInformatica/FSIV/opencv-2.4.11/build2/CMakeFiles/CMakeTmp»


Determining if the include file /usr/include/libpng/png.h exists passed with the following output:
Change Dir: /home/ruben/Documentos/3IngInformatica/FSIV/opencv-2.4.11/build2/CMakeFiles/CMakeTmp

Run Build Command:/usr/bin/make "cmTryCompileExec2499164420/fast"
/usr/bin/make -f CMakeFiles/cmTryCompileExec2499164420.dir/build.make CMakeFiles/cmTryCompileExec2499164420.dir/build
make[1]: se ingresa al directorio «/home/ruben/Documentos/3IngInformatica/FSIV/opencv-2.4.11/build2/CMakeFiles/CMakeTmp»
/usr/bin/cmake -E cmake_progress_report /home/ruben/Documentos/3IngInformatica/FSIV/opencv-2.4.11/build2/CMakeFiles/CMakeTmp/CMakeFiles 1
Building C object CMakeFiles/cmTryCompileExec2499164420.dir/CheckIncludeFile.c.o
/usr/bin/cc   -fsigned-char -W -Wall -Werror=return-type -Werror=address -Werror=sequence-point -Wformat -Werror=format-security -Wmissing-declarations -Wmissing-prototypes -Wstrict-prototypes -Wundef -Winit-self -Wpointer-arith -Wshadow -Wno-narrowing -fdiagnostics-show-option -Wno-long-long -pthread -fomit-frame-pointer -msse -msse2 -msse3 -ffunction-sections  -O3 -DNDEBUG   -o CMakeFiles/cmTryCompileExec2499164420.dir/CheckIncludeFile.c.o   -c /home/ruben/Documentos/3IngInformatica/FSIV/opencv-2.4.11/build2/CMakeFiles/CMakeTmp/CheckIncludeFile.c
Linking C executable cmTryCompileExec2499164420
/usr/bin/cmake -E cmake_link_script CMakeFiles/cmTryCompileExec2499164420.dir/link.txt --verbose=1
/usr/bin/cc     -fsigned-char -W -Wall -Werror=return-type -Werror=address -Werror=sequence-point -Wformat -Werror=format-security -Wmissing-declarations -Wmissing-prototypes -Wstrict-prototypes -Wundef -Winit-self -Wpointer-arith -Wshadow -Wno-narrowing -fdiagnostics-show-option -Wno-long-long -pthread -fomit-frame-pointer -msse -msse2 -msse3 -ffunction-sections  -O3 -DNDEBUG    CMakeFiles/cmTryCompileExec2499164420.dir/CheckIncludeFile.c.o  -o cmTryCompileExec2499164420 -rdynamic 
make[1]: se sale del directorio «/home/ruben/Documentos/3IngInformatica/FSIV/opencv-2.4.11/build2/CMakeFiles/CMakeTmp»


Determining if the include file semaphore.h exists passed with the following output:
Change Dir: /home/ruben/Documentos/3IngInformatica/FSIV/opencv-2.4.11/build2/CMakeFiles/CMakeTmp

Run Build Command:/usr/bin/make "cmTryCompileExec3280898164/fast"
/usr/bin/make -f CMakeFiles/cmTryCompileExec3280898164.dir/build.make CMakeFiles/cmTryCompileExec3280898164.dir/build
make[1]: se ingresa al directorio «/home/ruben/Documentos/3IngInformatica/FSIV/opencv-2.4.11/build2/CMakeFiles/CMakeTmp»
/usr/bin/cmake -E cmake_progress_report /home/ruben/Documentos/3IngInformatica/FSIV/opencv-2.4.11/build2/CMakeFiles/CMakeTmp/CMakeFiles 1
Building C object CMakeFiles/cmTryCompileExec3280898164.dir/CheckIncludeFile.c.o
/usr/bin/cc   -fsigned-char -W -Wall -Werror=return-type -Werror=address -Werror=sequence-point -Wformat -Werror=format-security -Wmissing-declarations -Wmissing-prototypes -Wstrict-prototypes -Wundef -Winit-self -Wpointer-arith -Wshadow -Wno-narrowing -fdiagnostics-show-option -Wno-long-long -pthread -fomit-frame-pointer -msse -msse2 -msse3 -ffunction-sections  -O3 -DNDEBUG   -o CMakeFiles/cmTryCompileExec3280898164.dir/CheckIncludeFile.c.o   -c /home/ruben/Documentos/3IngInformatica/FSIV/opencv-2.4.11/build2/CMakeFiles/CMakeTmp/CheckIncludeFile.c
Linking C executable cmTryCompileExec3280898164
/usr/bin/cmake -E cmake_link_script CMakeFiles/cmTryCompileExec3280898164.dir/link.txt --verbose=1
/usr/bin/cc     -fsigned-char -W -Wall -Werror=return-type -Werror=address -Werror=sequence-point -Wformat -Werror=format-security -Wmissing-declarations -Wmissing-prototypes -Wstrict-prototypes -Wundef -Winit-self -Wpointer-arith -Wshadow -Wno-narrowing -fdiagnostics-show-option -Wno-long-long -pthread -fomit-frame-pointer -msse -msse2 -msse3 -ffunction-sections  -O3 -DNDEBUG    CMakeFiles/cmTryCompileExec3280898164.dir/CheckIncludeFile.c.o  -o cmTryCompileExec3280898164 -rdynamic 
make[1]: se sale del directorio «/home/ruben/Documentos/3IngInformatica/FSIV/opencv-2.4.11/build2/CMakeFiles/CMakeTmp»


Determining if the include file linux/videodev2.h exists passed with the following output:
Change Dir: /home/ruben/Documentos/3IngInformatica/FSIV/opencv-2.4.11/build2/CMakeFiles/CMakeTmp

Run Build Command:/usr/bin/make "cmTryCompileExec3420180445/fast"
/usr/bin/make -f CMakeFiles/cmTryCompileExec3420180445.dir/build.make CMakeFiles/cmTryCompileExec3420180445.dir/build
make[1]: se ingresa al directorio «/home/ruben/Documentos/3IngInformatica/FSIV/opencv-2.4.11/build2/CMakeFiles/CMakeTmp»
/usr/bin/cmake -E cmake_progress_report /home/ruben/Documentos/3IngInformatica/FSIV/opencv-2.4.11/build2/CMakeFiles/CMakeTmp/CMakeFiles 1
Building C object CMakeFiles/cmTryCompileExec3420180445.dir/CheckIncludeFile.c.o
/usr/bin/cc   -fsigned-char -W -Wall -Werror=return-type -Werror=address -Werror=sequence-point -Wformat -Werror=format-security -Wmissing-declarations -Wmissing-prototypes -Wstrict-prototypes -Wundef -Winit-self -Wpointer-arith -Wshadow -Wno-narrowing -fdiagnostics-show-option -Wno-long-long -pthread -fomit-frame-pointer -msse -msse2 -msse3 -ffunction-sections  -O3 -DNDEBUG   -o CMakeFiles/cmTryCompileExec3420180445.dir/CheckIncludeFile.c.o   -c /home/ruben/Documentos/3IngInformatica/FSIV/opencv-2.4.11/build2/CMakeFiles/CMakeTmp/CheckIncludeFile.c
Linking C executable cmTryCompileExec3420180445
/usr/bin/cmake -E cmake_link_script CMakeFiles/cmTryCompileExec3420180445.dir/link.txt --verbose=1
/usr/bin/cc     -fsigned-char -W -Wall -Werror=return-type -Werror=address -Werror=sequence-point -Wformat -Werror=format-security -Wmissing-declarations -Wmissing-prototypes -Wstrict-prototypes -Wundef -Winit-self -Wpointer-arith -Wshadow -Wno-narrowing -fdiagnostics-show-option -Wno-long-long -pthread -fomit-frame-pointer -msse -msse2 -msse3 -ffunction-sections  -O3 -DNDEBUG    CMakeFiles/cmTryCompileExec3420180445.dir/CheckIncludeFile.c.o  -o cmTryCompileExec3420180445 -rdynamic 
make[1]: se sale del directorio «/home/ruben/Documentos/3IngInformatica/FSIV/opencv-2.4.11/build2/CMakeFiles/CMakeTmp»


Determining if the include file libavformat/avformat.h exists passed with the following output:
Change Dir: /home/ruben/Documentos/3IngInformatica/FSIV/opencv-2.4.11/build2/CMakeFiles/CMakeTmp

Run Build Command:/usr/bin/make "cmTryCompileExec1796776028/fast"
/usr/bin/make -f CMakeFiles/cmTryCompileExec1796776028.dir/build.make CMakeFiles/cmTryCompileExec1796776028.dir/build
make[1]: se ingresa al directorio «/home/ruben/Documentos/3IngInformatica/FSIV/opencv-2.4.11/build2/CMakeFiles/CMakeTmp»
/usr/bin/cmake -E cmake_progress_report /home/ruben/Documentos/3IngInformatica/FSIV/opencv-2.4.11/build2/CMakeFiles/CMakeTmp/CMakeFiles 1
Building C object CMakeFiles/cmTryCompileExec1796776028.dir/CheckIncludeFile.c.o
/usr/bin/cc   -fsigned-char -W -Wall -Werror=return-type -Werror=address -Werror=sequence-point -Wformat -Werror=format-security -Wmissing-declarations -Wmissing-prototypes -Wstrict-prototypes -Wundef -Winit-self -Wpointer-arith -Wshadow -Wno-narrowing -fdiagnostics-show-option -Wno-long-long -pthread -fomit-frame-pointer -msse -msse2 -msse3 -ffunction-sections  -O3 -DNDEBUG   -o CMakeFiles/cmTryCompileExec1796776028.dir/CheckIncludeFile.c.o   -c /home/ruben/Documentos/3IngInformatica/FSIV/opencv-2.4.11/build2/CMakeFiles/CMakeTmp/CheckIncludeFile.c
Linking C executable cmTryCompileExec1796776028
/usr/bin/cmake -E cmake_link_script CMakeFiles/cmTryCompileExec1796776028.dir/link.txt --verbose=1
/usr/bin/cc     -fsigned-char -W -Wall -Werror=return-type -Werror=address -Werror=sequence-point -Wformat -Werror=format-security -Wmissing-declarations -Wmissing-prototypes -Wstrict-prototypes -Wundef -Winit-self -Wpointer-arith -Wshadow -Wno-narrowing -fdiagnostics-show-option -Wno-long-long -pthread -fomit-frame-pointer -msse -msse2 -msse3 -ffunction-sections  -O3 -DNDEBUG    CMakeFiles/cmTryCompileExec1796776028.dir/CheckIncludeFile.c.o  -o cmTryCompileExec1796776028 -rdynamic 
make[1]: se sale del directorio «/home/ruben/Documentos/3IngInformatica/FSIV/opencv-2.4.11/build2/CMakeFiles/CMakeTmp»


Determining if the include file linux/videodev2.h exists passed with the following output:
Change Dir: /home/ruben/Documentos/3IngInformatica/FSIV/opencv-2.4.11/build2/CMakeFiles/CMakeTmp

Run Build Command:/usr/bin/make "cmTryCompileExec649285540/fast"
/usr/bin/make -f CMakeFiles/cmTryCompileExec649285540.dir/build.make CMakeFiles/cmTryCompileExec649285540.dir/build
make[1]: se ingresa al directorio «/home/ruben/Documentos/3IngInformatica/FSIV/opencv-2.4.11/build2/CMakeFiles/CMakeTmp»
/usr/bin/cmake -E cmake_progress_report /home/ruben/Documentos/3IngInformatica/FSIV/opencv-2.4.11/build2/CMakeFiles/CMakeTmp/CMakeFiles 1
Building C object CMakeFiles/cmTryCompileExec649285540.dir/CheckIncludeFile.c.o
/usr/bin/cc   -fsigned-char -W -Wall -Werror=return-type -Werror=address -Werror=sequence-point -Wformat -Werror=format-security -Wmissing-declarations -Wmissing-prototypes -Wstrict-prototypes -Wundef -Winit-self -Wpointer-arith -Wshadow -Wno-narrowing -fdiagnostics-show-option -Wno-long-long -pthread -fomit-frame-pointer -msse -msse2 -msse3 -ffunction-sections  -O3 -DNDEBUG   -o CMakeFiles/cmTryCompileExec649285540.dir/CheckIncludeFile.c.o   -c /home/ruben/Documentos/3IngInformatica/FSIV/opencv-2.4.11/build2/CMakeFiles/CMakeTmp/CheckIncludeFile.c
Linking C executable cmTryCompileExec649285540
/usr/bin/cmake -E cmake_link_script CMakeFiles/cmTryCompileExec649285540.dir/link.txt --verbose=1
/usr/bin/cc     -fsigned-char -W -Wall -Werror=return-type -Werror=address -Werror=sequence-point -Wformat -Werror=format-security -Wmissing-declarations -Wmissing-prototypes -Wstrict-prototypes -Wundef -Winit-self -Wpointer-arith -Wshadow -Wno-narrowing -fdiagnostics-show-option -Wno-long-long -pthread -fomit-frame-pointer -msse -msse2 -msse3 -ffunction-sections  -O3 -DNDEBUG    CMakeFiles/cmTryCompileExec649285540.dir/CheckIncludeFile.c.o  -o cmTryCompileExec649285540 -rdynamic 
make[1]: se sale del directorio «/home/ruben/Documentos/3IngInformatica/FSIV/opencv-2.4.11/build2/CMakeFiles/CMakeTmp»


Determining if the include file libavformat/avformat.h exists passed with the following output:
Change Dir: /home/ruben/Documentos/3IngInformatica/FSIV/opencv-2.4.11/build2/CMakeFiles/CMakeTmp

Run Build Command:/usr/bin/make "cmTryCompileExec3281206084/fast"
/usr/bin/make -f CMakeFiles/cmTryCompileExec3281206084.dir/build.make CMakeFiles/cmTryCompileExec3281206084.dir/build
make[1]: se ingresa al directorio «/home/ruben/Documentos/3IngInformatica/FSIV/opencv-2.4.11/build2/CMakeFiles/CMakeTmp»
/usr/bin/cmake -E cmake_progress_report /home/ruben/Documentos/3IngInformatica/FSIV/opencv-2.4.11/build2/CMakeFiles/CMakeTmp/CMakeFiles 1
Building C object CMakeFiles/cmTryCompileExec3281206084.dir/CheckIncludeFile.c.o
/usr/bin/cc   -fsigned-char -W -Wall -Werror=return-type -Werror=address -Werror=sequence-point -Wformat -Werror=format-security -Wmissing-declarations -Wmissing-prototypes -Wstrict-prototypes -Wundef -Winit-self -Wpointer-arith -Wshadow -Wno-narrowing -fdiagnostics-show-option -Wno-long-long -pthread -fomit-frame-pointer -msse -msse2 -msse3 -ffunction-sections  -O3 -DNDEBUG   -o CMakeFiles/cmTryCompileExec3281206084.dir/CheckIncludeFile.c.o   -c /home/ruben/Documentos/3IngInformatica/FSIV/opencv-2.4.11/build2/CMakeFiles/CMakeTmp/CheckIncludeFile.c
Linking C executable cmTryCompileExec3281206084
/usr/bin/cmake -E cmake_link_script CMakeFiles/cmTryCompileExec3281206084.dir/link.txt --verbose=1
/usr/bin/cc     -fsigned-char -W -Wall -Werror=return-type -Werror=address -Werror=sequence-point -Wformat -Werror=format-security -Wmissing-declarations -Wmissing-prototypes -Wstrict-prototypes -Wundef -Winit-self -Wpointer-arith -Wshadow -Wno-narrowing -fdiagnostics-show-option -Wno-long-long -pthread -fomit-frame-pointer -msse -msse2 -msse3 -ffunction-sections  -O3 -DNDEBUG    CMakeFiles/cmTryCompileExec3281206084.dir/CheckIncludeFile.c.o  -o cmTryCompileExec3281206084 -rdynamic 
make[1]: se sale del directorio «/home/ruben/Documentos/3IngInformatica/FSIV/opencv-2.4.11/build2/CMakeFiles/CMakeTmp»


Determining if the include file linux/videodev2.h exists passed with the following output:
Change Dir: /home/ruben/Documentos/3IngInformatica/FSIV/opencv-2.4.11/build2/CMakeFiles/CMakeTmp

Run Build Command:/usr/bin/make "cmTryCompileExec2106292107/fast"
/usr/bin/make -f CMakeFiles/cmTryCompileExec2106292107.dir/build.make CMakeFiles/cmTryCompileExec2106292107.dir/build
make[1]: se ingresa al directorio «/home/ruben/Documentos/3IngInformatica/FSIV/opencv-2.4.11/build2/CMakeFiles/CMakeTmp»
/usr/bin/cmake -E cmake_progress_report /home/ruben/Documentos/3IngInformatica/FSIV/opencv-2.4.11/build2/CMakeFiles/CMakeTmp/CMakeFiles 1
Building C object CMakeFiles/cmTryCompileExec2106292107.dir/CheckIncludeFile.c.o
/usr/bin/cc   -fPIC   -fsigned-char -W -Wall -Werror=return-type -Werror=address -Werror=sequence-point -Wformat -Werror=format-security -Wmissing-declarations -Wmissing-prototypes -Wstrict-prototypes -Wundef -Winit-self -Wpointer-arith -Wshadow -Wno-narrowing -fdiagnostics-show-option -Wno-long-long -pthread -fomit-frame-pointer -msse -msse2 -msse3 -ffunction-sections  -g   -o CMakeFiles/cmTryCompileExec2106292107.dir/CheckIncludeFile.c.o   -c /home/ruben/Documentos/3IngInformatica/FSIV/opencv-2.4.11/build2/CMakeFiles/CMakeTmp/CheckIncludeFile.c
Linking C executable cmTryCompileExec2106292107
/usr/bin/cmake -E cmake_link_script CMakeFiles/cmTryCompileExec2106292107.dir/link.txt --verbose=1
/usr/bin/cc   -fPIC   -fsigned-char -W -Wall -Werror=return-type -Werror=address -Werror=sequence-point -Wformat -Werror=format-security -Wmissing-declarations -Wmissing-prototypes -Wstrict-prototypes -Wundef -Winit-self -Wpointer-arith -Wshadow -Wno-narrowing -fdiagnostics-show-option -Wno-long-long -pthread -fomit-frame-pointer -msse -msse2 -msse3 -ffunction-sections  -g    CMakeFiles/cmTryCompileExec2106292107.dir/CheckIncludeFile.c.o  -o cmTryCompileExec2106292107 -rdynamic 
make[1]: se sale del directorio «/home/ruben/Documentos/3IngInformatica/FSIV/opencv-2.4.11/build2/CMakeFiles/CMakeTmp»


Determining if the include file libavformat/avformat.h exists passed with the following output:
Change Dir: /home/ruben/Documentos/3IngInformatica/FSIV/opencv-2.4.11/build2/CMakeFiles/CMakeTmp

Run Build Command:/usr/bin/make "cmTryCompileExec2374745706/fast"
/usr/bin/make -f CMakeFiles/cmTryCompileExec2374745706.dir/build.make CMakeFiles/cmTryCompileExec2374745706.dir/build
make[1]: se ingresa al directorio «/home/ruben/Documentos/3IngInformatica/FSIV/opencv-2.4.11/build2/CMakeFiles/CMakeTmp»
/usr/bin/cmake -E cmake_progress_report /home/ruben/Documentos/3IngInformatica/FSIV/opencv-2.4.11/build2/CMakeFiles/CMakeTmp/CMakeFiles 1
Building C object CMakeFiles/cmTryCompileExec2374745706.dir/CheckIncludeFile.c.o
/usr/bin/cc   -fPIC   -fsigned-char -W -Wall -Werror=return-type -Werror=address -Werror=sequence-point -Wformat -Werror=format-security -Wmissing-declarations -Wmissing-prototypes -Wstrict-prototypes -Wundef -Winit-self -Wpointer-arith -Wshadow -Wno-narrowing -fdiagnostics-show-option -Wno-long-long -pthread -fomit-frame-pointer -msse -msse2 -msse3 -ffunction-sections  -g   -o CMakeFiles/cmTryCompileExec2374745706.dir/CheckIncludeFile.c.o   -c /home/ruben/Documentos/3IngInformatica/FSIV/opencv-2.4.11/build2/CMakeFiles/CMakeTmp/CheckIncludeFile.c
Linking C executable cmTryCompileExec2374745706
/usr/bin/cmake -E cmake_link_script CMakeFiles/cmTryCompileExec2374745706.dir/link.txt --verbose=1
/usr/bin/cc   -fPIC   -fsigned-char -W -Wall -Werror=return-type -Werror=address -Werror=sequence-point -Wformat -Werror=format-security -Wmissing-declarations -Wmissing-prototypes -Wstrict-prototypes -Wundef -Winit-self -Wpointer-arith -Wshadow -Wno-narrowing -fdiagnostics-show-option -Wno-long-long -pthread -fomit-frame-pointer -msse -msse2 -msse3 -ffunction-sections  -g    CMakeFiles/cmTryCompileExec2374745706.dir/CheckIncludeFile.c.o  -o cmTryCompileExec2374745706 -rdynamic 
make[1]: se sale del directorio «/home/ruben/Documentos/3IngInformatica/FSIV/opencv-2.4.11/build2/CMakeFiles/CMakeTmp»


Determining if the include file linux/videodev2.h exists passed with the following output:
Change Dir: /home/ruben/Documentos/3IngInformatica/FSIV/opencv-2.4.11/build2/CMakeFiles/CMakeTmp

Run Build Command:/usr/bin/make "cmTryCompileExec2435041728/fast"
/usr/bin/make -f CMakeFiles/cmTryCompileExec2435041728.dir/build.make CMakeFiles/cmTryCompileExec2435041728.dir/build
make[1]: se ingresa al directorio «/home/ruben/Documentos/3IngInformatica/FSIV/opencv-2.4.11/build2/CMakeFiles/CMakeTmp»
/usr/bin/cmake -E cmake_progress_report /home/ruben/Documentos/3IngInformatica/FSIV/opencv-2.4.11/build2/CMakeFiles/CMakeTmp/CMakeFiles 1
Building C object CMakeFiles/cmTryCompileExec2435041728.dir/CheckIncludeFile.c.o
/usr/bin/cc   -fPIC   -fsigned-char -W -Wall -Werror=return-type -Werror=address -Werror=sequence-point -Wformat -Werror=format-security -Wmissing-declarations -Wmissing-prototypes -Wstrict-prototypes -Wundef -Winit-self -Wpointer-arith -Wshadow -Wno-narrowing -fdiagnostics-show-option -Wno-long-long -pthread -fomit-frame-pointer -msse -msse2 -msse3 -ffunction-sections  -g   -o CMakeFiles/cmTryCompileExec2435041728.dir/CheckIncludeFile.c.o   -c /home/ruben/Documentos/3IngInformatica/FSIV/opencv-2.4.11/build2/CMakeFiles/CMakeTmp/CheckIncludeFile.c
Linking C executable cmTryCompileExec2435041728
/usr/bin/cmake -E cmake_link_script CMakeFiles/cmTryCompileExec2435041728.dir/link.txt --verbose=1
/usr/bin/cc   -fPIC   -fsigned-char -W -Wall -Werror=return-type -Werror=address -Werror=sequence-point -Wformat -Werror=format-security -Wmissing-declarations -Wmissing-prototypes -Wstrict-prototypes -Wundef -Winit-self -Wpointer-arith -Wshadow -Wno-narrowing -fdiagnostics-show-option -Wno-long-long -pthread -fomit-frame-pointer -msse -msse2 -msse3 -ffunction-sections  -g    CMakeFiles/cmTryCompileExec2435041728.dir/CheckIncludeFile.c.o  -o cmTryCompileExec2435041728 -rdynamic 
make[1]: se sale del directorio «/home/ruben/Documentos/3IngInformatica/FSIV/opencv-2.4.11/build2/CMakeFiles/CMakeTmp»


Determining if the include file libavformat/avformat.h exists passed with the following output:
Change Dir: /home/ruben/Documentos/3IngInformatica/FSIV/opencv-2.4.11/build2/CMakeFiles/CMakeTmp

Run Build Command:/usr/bin/make "cmTryCompileExec3539555312/fast"
/usr/bin/make -f CMakeFiles/cmTryCompileExec3539555312.dir/build.make CMakeFiles/cmTryCompileExec3539555312.dir/build
make[1]: se ingresa al directorio «/home/ruben/Documentos/3IngInformatica/FSIV/opencv-2.4.11/build2/CMakeFiles/CMakeTmp»
/usr/bin/cmake -E cmake_progress_report /home/ruben/Documentos/3IngInformatica/FSIV/opencv-2.4.11/build2/CMakeFiles/CMakeTmp/CMakeFiles 1
Building C object CMakeFiles/cmTryCompileExec3539555312.dir/CheckIncludeFile.c.o
/usr/bin/cc   -fPIC   -fsigned-char -W -Wall -Werror=return-type -Werror=address -Werror=sequence-point -Wformat -Werror=format-security -Wmissing-declarations -Wmissing-prototypes -Wstrict-prototypes -Wundef -Winit-self -Wpointer-arith -Wshadow -Wno-narrowing -fdiagnostics-show-option -Wno-long-long -pthread -fomit-frame-pointer -msse -msse2 -msse3 -ffunction-sections  -g   -o CMakeFiles/cmTryCompileExec3539555312.dir/CheckIncludeFile.c.o   -c /home/ruben/Documentos/3IngInformatica/FSIV/opencv-2.4.11/build2/CMakeFiles/CMakeTmp/CheckIncludeFile.c
Linking C executable cmTryCompileExec3539555312
/usr/bin/cmake -E cmake_link_script CMakeFiles/cmTryCompileExec3539555312.dir/link.txt --verbose=1
/usr/bin/cc   -fPIC   -fsigned-char -W -Wall -Werror=return-type -Werror=address -Werror=sequence-point -Wformat -Werror=format-security -Wmissing-declarations -Wmissing-prototypes -Wstrict-prototypes -Wundef -Winit-self -Wpointer-arith -Wshadow -Wno-narrowing -fdiagnostics-show-option -Wno-long-long -pthread -fomit-frame-pointer -msse -msse2 -msse3 -ffunction-sections  -g    CMakeFiles/cmTryCompileExec3539555312.dir/CheckIncludeFile.c.o  -o cmTryCompileExec3539555312 -rdynamic 
make[1]: se sale del directorio «/home/ruben/Documentos/3IngInformatica/FSIV/opencv-2.4.11/build2/CMakeFiles/CMakeTmp»


Determining if the include file linux/videodev2.h exists passed with the following output:
Change Dir: /home/ruben/Documentos/3IngInformatica/FSIV/opencv-2.4.11/build2/CMakeFiles/CMakeTmp

Run Build Command:/usr/bin/make "cmTryCompileExec3373392434/fast"
/usr/bin/make -f CMakeFiles/cmTryCompileExec3373392434.dir/build.make CMakeFiles/cmTryCompileExec3373392434.dir/build
make[1]: se ingresa al directorio «/home/ruben/Documentos/3IngInformatica/FSIV/opencv-2.4.11/build2/CMakeFiles/CMakeTmp»
/usr/bin/cmake -E cmake_progress_report /home/ruben/Documentos/3IngInformatica/FSIV/opencv-2.4.11/build2/CMakeFiles/CMakeTmp/CMakeFiles 1
Building C object CMakeFiles/cmTryCompileExec3373392434.dir/CheckIncludeFile.c.o
/usr/bin/cc   -fPIC   -fsigned-char -W -Wall -Werror=return-type -Werror=address -Werror=sequence-point -Wformat -Werror=format-security -Wmissing-declarations -Wmissing-prototypes -Wstrict-prototypes -Wundef -Winit-self -Wpointer-arith -Wshadow -Wno-narrowing -fdiagnostics-show-option -Wno-long-long -pthread -fomit-frame-pointer -msse -msse2 -msse3 -ffunction-sections  -g   -o CMakeFiles/cmTryCompileExec3373392434.dir/CheckIncludeFile.c.o   -c /home/ruben/Documentos/3IngInformatica/FSIV/opencv-2.4.11/build2/CMakeFiles/CMakeTmp/CheckIncludeFile.c
Linking C executable cmTryCompileExec3373392434
/usr/bin/cmake -E cmake_link_script CMakeFiles/cmTryCompileExec3373392434.dir/link.txt --verbose=1
/usr/bin/cc   -fPIC   -fsigned-char -W -Wall -Werror=return-type -Werror=address -Werror=sequence-point -Wformat -Werror=format-security -Wmissing-declarations -Wmissing-prototypes -Wstrict-prototypes -Wundef -Winit-self -Wpointer-arith -Wshadow -Wno-narrowing -fdiagnostics-show-option -Wno-long-long -pthread -fomit-frame-pointer -msse -msse2 -msse3 -ffunction-sections  -g    CMakeFiles/cmTryCompileExec3373392434.dir/CheckIncludeFile.c.o  -o cmTryCompileExec3373392434 -rdynamic 
make[1]: se sale del directorio «/home/ruben/Documentos/3IngInformatica/FSIV/opencv-2.4.11/build2/CMakeFiles/CMakeTmp»


Determining if the include file libavformat/avformat.h exists passed with the following output:
Change Dir: /home/ruben/Documentos/3IngInformatica/FSIV/opencv-2.4.11/build2/CMakeFiles/CMakeTmp

Run Build Command:/usr/bin/make "cmTryCompileExec2842462101/fast"
/usr/bin/make -f CMakeFiles/cmTryCompileExec2842462101.dir/build.make CMakeFiles/cmTryCompileExec2842462101.dir/build
make[1]: se ingresa al directorio «/home/ruben/Documentos/3IngInformatica/FSIV/opencv-2.4.11/build2/CMakeFiles/CMakeTmp»
/usr/bin/cmake -E cmake_progress_report /home/ruben/Documentos/3IngInformatica/FSIV/opencv-2.4.11/build2/CMakeFiles/CMakeTmp/CMakeFiles 1
Building C object CMakeFiles/cmTryCompileExec2842462101.dir/CheckIncludeFile.c.o
/usr/bin/cc   -fPIC   -fsigned-char -W -Wall -Werror=return-type -Werror=address -Werror=sequence-point -Wformat -Werror=format-security -Wmissing-declarations -Wmissing-prototypes -Wstrict-prototypes -Wundef -Winit-self -Wpointer-arith -Wshadow -Wno-narrowing -fdiagnostics-show-option -Wno-long-long -pthread -fomit-frame-pointer -msse -msse2 -msse3 -ffunction-sections  -g   -o CMakeFiles/cmTryCompileExec2842462101.dir/CheckIncludeFile.c.o   -c /home/ruben/Documentos/3IngInformatica/FSIV/opencv-2.4.11/build2/CMakeFiles/CMakeTmp/CheckIncludeFile.c
Linking C executable cmTryCompileExec2842462101
/usr/bin/cmake -E cmake_link_script CMakeFiles/cmTryCompileExec2842462101.dir/link.txt --verbose=1
/usr/bin/cc   -fPIC   -fsigned-char -W -Wall -Werror=return-type -Werror=address -Werror=sequence-point -Wformat -Werror=format-security -Wmissing-declarations -Wmissing-prototypes -Wstrict-prototypes -Wundef -Winit-self -Wpointer-arith -Wshadow -Wno-narrowing -fdiagnostics-show-option -Wno-long-long -pthread -fomit-frame-pointer -msse -msse2 -msse3 -ffunction-sections  -g    CMakeFiles/cmTryCompileExec2842462101.dir/CheckIncludeFile.c.o  -o cmTryCompileExec2842462101 -rdynamic 
make[1]: se sale del directorio «/home/ruben/Documentos/3IngInformatica/FSIV/opencv-2.4.11/build2/CMakeFiles/CMakeTmp»


Determining if the include file linux/videodev2.h exists passed with the following output:
Change Dir: /home/ruben/Documentos/3IngInformatica/FSIV/opencv-2.4.11/build2/CMakeFiles/CMakeTmp

Run Build Command:/usr/bin/make "cmTryCompileExec49832419/fast"
/usr/bin/make -f CMakeFiles/cmTryCompileExec49832419.dir/build.make CMakeFiles/cmTryCompileExec49832419.dir/build
make[1]: se ingresa al directorio «/home/ruben/Documentos/3IngInformatica/FSIV/opencv-2.4.11/build2/CMakeFiles/CMakeTmp»
/usr/bin/cmake -E cmake_progress_report /home/ruben/Documentos/3IngInformatica/FSIV/opencv-2.4.11/build2/CMakeFiles/CMakeTmp/CMakeFiles 1
Building C object CMakeFiles/cmTryCompileExec49832419.dir/CheckIncludeFile.c.o
/usr/bin/cc   -fPIC   -fsigned-char -W -Wall -Werror=return-type -Werror=address -Werror=sequence-point -Wformat -Werror=format-security -Wmissing-declarations -Wmissing-prototypes -Wstrict-prototypes -Wundef -Winit-self -Wpointer-arith -Wshadow -Wno-narrowing -fdiagnostics-show-option -Wno-long-long -pthread -fomit-frame-pointer -msse -msse2 -msse3 -ffunction-sections  -g   -o CMakeFiles/cmTryCompileExec49832419.dir/CheckIncludeFile.c.o   -c /home/ruben/Documentos/3IngInformatica/FSIV/opencv-2.4.11/build2/CMakeFiles/CMakeTmp/CheckIncludeFile.c
Linking C executable cmTryCompileExec49832419
/usr/bin/cmake -E cmake_link_script CMakeFiles/cmTryCompileExec49832419.dir/link.txt --verbose=1
/usr/bin/cc   -fPIC   -fsigned-char -W -Wall -Werror=return-type -Werror=address -Werror=sequence-point -Wformat -Werror=format-security -Wmissing-declarations -Wmissing-prototypes -Wstrict-prototypes -Wundef -Winit-self -Wpointer-arith -Wshadow -Wno-narrowing -fdiagnostics-show-option -Wno-long-long -pthread -fomit-frame-pointer -msse -msse2 -msse3 -ffunction-sections  -g    CMakeFiles/cmTryCompileExec49832419.dir/CheckIncludeFile.c.o  -o cmTryCompileExec49832419 -rdynamic 
make[1]: se sale del directorio «/home/ruben/Documentos/3IngInformatica/FSIV/opencv-2.4.11/build2/CMakeFiles/CMakeTmp»


Determining if the include file libavformat/avformat.h exists passed with the following output:
Change Dir: /home/ruben/Documentos/3IngInformatica/FSIV/opencv-2.4.11/build2/CMakeFiles/CMakeTmp

Run Build Command:/usr/bin/make "cmTryCompileExec3811393808/fast"
/usr/bin/make -f CMakeFiles/cmTryCompileExec3811393808.dir/build.make CMakeFiles/cmTryCompileExec3811393808.dir/build
make[1]: se ingresa al directorio «/home/ruben/Documentos/3IngInformatica/FSIV/opencv-2.4.11/build2/CMakeFiles/CMakeTmp»
/usr/bin/cmake -E cmake_progress_report /home/ruben/Documentos/3IngInformatica/FSIV/opencv-2.4.11/build2/CMakeFiles/CMakeTmp/CMakeFiles 1
Building C object CMakeFiles/cmTryCompileExec3811393808.dir/CheckIncludeFile.c.o
/usr/bin/cc   -fPIC   -fsigned-char -W -Wall -Werror=return-type -Werror=address -Werror=sequence-point -Wformat -Werror=format-security -Wmissing-declarations -Wmissing-prototypes -Wstrict-prototypes -Wundef -Winit-self -Wpointer-arith -Wshadow -Wno-narrowing -fdiagnostics-show-option -Wno-long-long -pthread -fomit-frame-pointer -msse -msse2 -msse3 -ffunction-sections  -g   -o CMakeFiles/cmTryCompileExec3811393808.dir/CheckIncludeFile.c.o   -c /home/ruben/Documentos/3IngInformatica/FSIV/opencv-2.4.11/build2/CMakeFiles/CMakeTmp/CheckIncludeFile.c
Linking C executable cmTryCompileExec3811393808
/usr/bin/cmake -E cmake_link_script CMakeFiles/cmTryCompileExec3811393808.dir/link.txt --verbose=1
/usr/bin/cc   -fPIC   -fsigned-char -W -Wall -Werror=return-type -Werror=address -Werror=sequence-point -Wformat -Werror=format-security -Wmissing-declarations -Wmissing-prototypes -Wstrict-prototypes -Wundef -Winit-self -Wpointer-arith -Wshadow -Wno-narrowing -fdiagnostics-show-option -Wno-long-long -pthread -fomit-frame-pointer -msse -msse2 -msse3 -ffunction-sections  -g    CMakeFiles/cmTryCompileExec3811393808.dir/CheckIncludeFile.c.o  -o cmTryCompileExec3811393808 -rdynamic 
make[1]: se sale del directorio «/home/ruben/Documentos/3IngInformatica/FSIV/opencv-2.4.11/build2/CMakeFiles/CMakeTmp»


Determining if the include file linux/videodev2.h exists passed with the following output:
Change Dir: /home/ruben/Documentos/3IngInformatica/FSIV/opencv-2.4.11/build2/CMakeFiles/CMakeTmp

Run Build Command:/usr/bin/make "cmTryCompileExec2859601534/fast"
/usr/bin/make -f CMakeFiles/cmTryCompileExec2859601534.dir/build.make CMakeFiles/cmTryCompileExec2859601534.dir/build
make[1]: se ingresa al directorio «/home/ruben/Documentos/3IngInformatica/FSIV/opencv-2.4.11/build2/CMakeFiles/CMakeTmp»
/usr/bin/cmake -E cmake_progress_report /home/ruben/Documentos/3IngInformatica/FSIV/opencv-2.4.11/build2/CMakeFiles/CMakeTmp/CMakeFiles 1
Building C object CMakeFiles/cmTryCompileExec2859601534.dir/CheckIncludeFile.c.o
/usr/bin/cc   -fPIC   -fsigned-char -W -Wall -Werror=return-type -Werror=address -Werror=sequence-point -Wformat -Werror=format-security -Wmissing-declarations -Wmissing-prototypes -Wstrict-prototypes -Wundef -Winit-self -Wpointer-arith -Wshadow -Wno-narrowing -fdiagnostics-show-option -Wno-long-long -pthread -fomit-frame-pointer -msse -msse2 -msse3 -ffunction-sections  -g   -o CMakeFiles/cmTryCompileExec2859601534.dir/CheckIncludeFile.c.o   -c /home/ruben/Documentos/3IngInformatica/FSIV/opencv-2.4.11/build2/CMakeFiles/CMakeTmp/CheckIncludeFile.c
Linking C executable cmTryCompileExec2859601534
/usr/bin/cmake -E cmake_link_script CMakeFiles/cmTryCompileExec2859601534.dir/link.txt --verbose=1
/usr/bin/cc   -fPIC   -fsigned-char -W -Wall -Werror=return-type -Werror=address -Werror=sequence-point -Wformat -Werror=format-security -Wmissing-declarations -Wmissing-prototypes -Wstrict-prototypes -Wundef -Winit-self -Wpointer-arith -Wshadow -Wno-narrowing -fdiagnostics-show-option -Wno-long-long -pthread -fomit-frame-pointer -msse -msse2 -msse3 -ffunction-sections  -g    CMakeFiles/cmTryCompileExec2859601534.dir/CheckIncludeFile.c.o  -o cmTryCompileExec2859601534 -rdynamic 
make[1]: se sale del directorio «/home/ruben/Documentos/3IngInformatica/FSIV/opencv-2.4.11/build2/CMakeFiles/CMakeTmp»


Determining if the include file libavformat/avformat.h exists passed with the following output:
Change Dir: /home/ruben/Documentos/3IngInformatica/FSIV/opencv-2.4.11/build2/CMakeFiles/CMakeTmp

Run Build Command:/usr/bin/make "cmTryCompileExec670073684/fast"
/usr/bin/make -f CMakeFiles/cmTryCompileExec670073684.dir/build.make CMakeFiles/cmTryCompileExec670073684.dir/build
make[1]: se ingresa al directorio «/home/ruben/Documentos/3IngInformatica/FSIV/opencv-2.4.11/build2/CMakeFiles/CMakeTmp»
/usr/bin/cmake -E cmake_progress_report /home/ruben/Documentos/3IngInformatica/FSIV/opencv-2.4.11/build2/CMakeFiles/CMakeTmp/CMakeFiles 1
Building C object CMakeFiles/cmTryCompileExec670073684.dir/CheckIncludeFile.c.o
/usr/bin/cc   -fPIC   -fsigned-char -W -Wall -Werror=return-type -Werror=address -Werror=sequence-point -Wformat -Werror=format-security -Wmissing-declarations -Wmissing-prototypes -Wstrict-prototypes -Wundef -Winit-self -Wpointer-arith -Wshadow -Wno-narrowing -fdiagnostics-show-option -Wno-long-long -pthread -fomit-frame-pointer -msse -msse2 -msse3 -ffunction-sections  -g   -o CMakeFiles/cmTryCompileExec670073684.dir/CheckIncludeFile.c.o   -c /home/ruben/Documentos/3IngInformatica/FSIV/opencv-2.4.11/build2/CMakeFiles/CMakeTmp/CheckIncludeFile.c
Linking C executable cmTryCompileExec670073684
/usr/bin/cmake -E cmake_link_script CMakeFiles/cmTryCompileExec670073684.dir/link.txt --verbose=1
/usr/bin/cc   -fPIC   -fsigned-char -W -Wall -Werror=return-type -Werror=address -Werror=sequence-point -Wformat -Werror=format-security -Wmissing-declarations -Wmissing-prototypes -Wstrict-prototypes -Wundef -Winit-self -Wpointer-arith -Wshadow -Wno-narrowing -fdiagnostics-show-option -Wno-long-long -pthread -fomit-frame-pointer -msse -msse2 -msse3 -ffunction-sections  -g    CMakeFiles/cmTryCompileExec670073684.dir/CheckIncludeFile.c.o  -o cmTryCompileExec670073684 -rdynamic 
make[1]: se sale del directorio «/home/ruben/Documentos/3IngInformatica/FSIV/opencv-2.4.11/build2/CMakeFiles/CMakeTmp»


Determining if the include file linux/videodev2.h exists passed with the following output:
Change Dir: /home/ruben/Documentos/3IngInformatica/FSIV/opencv-2.4.11/build2/CMakeFiles/CMakeTmp

Run Build Command:/usr/bin/make "cmTryCompileExec183946419/fast"
/usr/bin/make -f CMakeFiles/cmTryCompileExec183946419.dir/build.make CMakeFiles/cmTryCompileExec183946419.dir/build
make[1]: se ingresa al directorio «/home/ruben/Documentos/3IngInformatica/FSIV/opencv-2.4.11/build2/CMakeFiles/CMakeTmp»
/usr/bin/cmake -E cmake_progress_report /home/ruben/Documentos/3IngInformatica/FSIV/opencv-2.4.11/build2/CMakeFiles/CMakeTmp/CMakeFiles 1
Building C object CMakeFiles/cmTryCompileExec183946419.dir/CheckIncludeFile.c.o
/usr/bin/cc   -fPIC   -fsigned-char -W -Wall -Werror=return-type -Werror=address -Werror=sequence-point -Wformat -Werror=format-security -Wmissing-declarations -Wmissing-prototypes -Wstrict-prototypes -Wundef -Winit-self -Wpointer-arith -Wshadow -Wno-narrowing -fdiagnostics-show-option -Wno-long-long -pthread -fomit-frame-pointer -msse -msse2 -msse3 -ffunction-sections  -g   -o CMakeFiles/cmTryCompileExec183946419.dir/CheckIncludeFile.c.o   -c /home/ruben/Documentos/3IngInformatica/FSIV/opencv-2.4.11/build2/CMakeFiles/CMakeTmp/CheckIncludeFile.c
Linking C executable cmTryCompileExec183946419
/usr/bin/cmake -E cmake_link_script CMakeFiles/cmTryCompileExec183946419.dir/link.txt --verbose=1
/usr/bin/cc   -fPIC   -fsigned-char -W -Wall -Werror=return-type -Werror=address -Werror=sequence-point -Wformat -Werror=format-security -Wmissing-declarations -Wmissing-prototypes -Wstrict-prototypes -Wundef -Winit-self -Wpointer-arith -Wshadow -Wno-narrowing -fdiagnostics-show-option -Wno-long-long -pthread -fomit-frame-pointer -msse -msse2 -msse3 -ffunction-sections  -g    CMakeFiles/cmTryCompileExec183946419.dir/CheckIncludeFile.c.o  -o cmTryCompileExec183946419 -rdynamic 
make[1]: se sale del directorio «/home/ruben/Documentos/3IngInformatica/FSIV/opencv-2.4.11/build2/CMakeFiles/CMakeTmp»


Determining if the include file libavformat/avformat.h exists passed with the following output:
Change Dir: /home/ruben/Documentos/3IngInformatica/FSIV/opencv-2.4.11/build2/CMakeFiles/CMakeTmp

Run Build Command:/usr/bin/make "cmTryCompileExec3324980123/fast"
/usr/bin/make -f CMakeFiles/cmTryCompileExec3324980123.dir/build.make CMakeFiles/cmTryCompileExec3324980123.dir/build
make[1]: se ingresa al directorio «/home/ruben/Documentos/3IngInformatica/FSIV/opencv-2.4.11/build2/CMakeFiles/CMakeTmp»
/usr/bin/cmake -E cmake_progress_report /home/ruben/Documentos/3IngInformatica/FSIV/opencv-2.4.11/build2/CMakeFiles/CMakeTmp/CMakeFiles 1
Building C object CMakeFiles/cmTryCompileExec3324980123.dir/CheckIncludeFile.c.o
/usr/bin/cc   -fPIC   -fsigned-char -W -Wall -Werror=return-type -Werror=address -Werror=sequence-point -Wformat -Werror=format-security -Wmissing-declarations -Wmissing-prototypes -Wstrict-prototypes -Wundef -Winit-self -Wpointer-arith -Wshadow -Wno-narrowing -fdiagnostics-show-option -Wno-long-long -pthread -fomit-frame-pointer -msse -msse2 -msse3 -ffunction-sections  -g   -o CMakeFiles/cmTryCompileExec3324980123.dir/CheckIncludeFile.c.o   -c /home/ruben/Documentos/3IngInformatica/FSIV/opencv-2.4.11/build2/CMakeFiles/CMakeTmp/CheckIncludeFile.c
Linking C executable cmTryCompileExec3324980123
/usr/bin/cmake -E cmake_link_script CMakeFiles/cmTryCompileExec3324980123.dir/link.txt --verbose=1
/usr/bin/cc   -fPIC   -fsigned-char -W -Wall -Werror=return-type -Werror=address -Werror=sequence-point -Wformat -Werror=format-security -Wmissing-declarations -Wmissing-prototypes -Wstrict-prototypes -Wundef -Winit-self -Wpointer-arith -Wshadow -Wno-narrowing -fdiagnostics-show-option -Wno-long-long -pthread -fomit-frame-pointer -msse -msse2 -msse3 -ffunction-sections  -g    CMakeFiles/cmTryCompileExec3324980123.dir/CheckIncludeFile.c.o  -o cmTryCompileExec3324980123 -rdynamic 
make[1]: se sale del directorio «/home/ruben/Documentos/3IngInformatica/FSIV/opencv-2.4.11/build2/CMakeFiles/CMakeTmp»


Determining if the include file linux/videodev2.h exists passed with the following output:
Change Dir: /home/ruben/Documentos/3IngInformatica/FSIV/opencv-2.4.11/build2/CMakeFiles/CMakeTmp

Run Build Command:/usr/bin/make "cmTryCompileExec1341211328/fast"
/usr/bin/make -f CMakeFiles/cmTryCompileExec1341211328.dir/build.make CMakeFiles/cmTryCompileExec1341211328.dir/build
make[1]: se ingresa al directorio «/home/ruben/Documentos/3IngInformatica/FSIV/opencv-2.4.11/build2/CMakeFiles/CMakeTmp»
/usr/bin/cmake -E cmake_progress_report /home/ruben/Documentos/3IngInformatica/FSIV/opencv-2.4.11/build2/CMakeFiles/CMakeTmp/CMakeFiles 1
Building C object CMakeFiles/cmTryCompileExec1341211328.dir/CheckIncludeFile.c.o
/usr/bin/cc   -fPIC   -fsigned-char -W -Wall -Werror=return-type -Werror=address -Werror=sequence-point -Wformat -Werror=format-security -Wmissing-declarations -Wmissing-prototypes -Wstrict-prototypes -Wundef -Winit-self -Wpointer-arith -Wshadow -Wno-narrowing -fdiagnostics-show-option -Wno-long-long -pthread -fomit-frame-pointer -msse -msse2 -msse3 -ffunction-sections  -g   -o CMakeFiles/cmTryCompileExec1341211328.dir/CheckIncludeFile.c.o   -c /home/ruben/Documentos/3IngInformatica/FSIV/opencv-2.4.11/build2/CMakeFiles/CMakeTmp/CheckIncludeFile.c
Linking C executable cmTryCompileExec1341211328
/usr/bin/cmake -E cmake_link_script CMakeFiles/cmTryCompileExec1341211328.dir/link.txt --verbose=1
/usr/bin/cc   -fPIC   -fsigned-char -W -Wall -Werror=return-type -Werror=address -Werror=sequence-point -Wformat -Werror=format-security -Wmissing-declarations -Wmissing-prototypes -Wstrict-prototypes -Wundef -Winit-self -Wpointer-arith -Wshadow -Wno-narrowing -fdiagnostics-show-option -Wno-long-long -pthread -fomit-frame-pointer -msse -msse2 -msse3 -ffunction-sections  -g    CMakeFiles/cmTryCompileExec1341211328.dir/CheckIncludeFile.c.o  -o cmTryCompileExec1341211328 -rdynamic 
make[1]: se sale del directorio «/home/ruben/Documentos/3IngInformatica/FSIV/opencv-2.4.11/build2/CMakeFiles/CMakeTmp»


Determining if the include file libavformat/avformat.h exists passed with the following output:
Change Dir: /home/ruben/Documentos/3IngInformatica/FSIV/opencv-2.4.11/build2/CMakeFiles/CMakeTmp

Run Build Command:/usr/bin/make "cmTryCompileExec72748652/fast"
/usr/bin/make -f CMakeFiles/cmTryCompileExec72748652.dir/build.make CMakeFiles/cmTryCompileExec72748652.dir/build
make[1]: se ingresa al directorio «/home/ruben/Documentos/3IngInformatica/FSIV/opencv-2.4.11/build2/CMakeFiles/CMakeTmp»
/usr/bin/cmake -E cmake_progress_report /home/ruben/Documentos/3IngInformatica/FSIV/opencv-2.4.11/build2/CMakeFiles/CMakeTmp/CMakeFiles 1
Building C object CMakeFiles/cmTryCompileExec72748652.dir/CheckIncludeFile.c.o
/usr/bin/cc   -fPIC   -fsigned-char -W -Wall -Werror=return-type -Werror=address -Werror=sequence-point -Wformat -Werror=format-security -Wmissing-declarations -Wmissing-prototypes -Wstrict-prototypes -Wundef -Winit-self -Wpointer-arith -Wshadow -Wno-narrowing -fdiagnostics-show-option -Wno-long-long -pthread -fomit-frame-pointer -msse -msse2 -msse3 -ffunction-sections  -g   -o CMakeFiles/cmTryCompileExec72748652.dir/CheckIncludeFile.c.o   -c /home/ruben/Documentos/3IngInformatica/FSIV/opencv-2.4.11/build2/CMakeFiles/CMakeTmp/CheckIncludeFile.c
Linking C executable cmTryCompileExec72748652
/usr/bin/cmake -E cmake_link_script CMakeFiles/cmTryCompileExec72748652.dir/link.txt --verbose=1
/usr/bin/cc   -fPIC   -fsigned-char -W -Wall -Werror=return-type -Werror=address -Werror=sequence-point -Wformat -Werror=format-security -Wmissing-declarations -Wmissing-prototypes -Wstrict-prototypes -Wundef -Winit-self -Wpointer-arith -Wshadow -Wno-narrowing -fdiagnostics-show-option -Wno-long-long -pthread -fomit-frame-pointer -msse -msse2 -msse3 -ffunction-sections  -g    CMakeFiles/cmTryCompileExec72748652.dir/CheckIncludeFile.c.o  -o cmTryCompileExec72748652 -rdynamic 
make[1]: se sale del directorio «/home/ruben/Documentos/3IngInformatica/FSIV/opencv-2.4.11/build2/CMakeFiles/CMakeTmp»


