Determining if the system is big endian passed with the following output:
Change Dir: /home/ruben/Documentos/3IngInformatica/FSIV/opencv-2.4.11/build2/CMakeFiles/CMakeTmp

Run Build Command:/usr/bin/make "cmTryCompileExec3094958960/fast"
/usr/bin/make -f CMakeFiles/cmTryCompileExec3094958960.dir/build.make CMakeFiles/cmTryCompileExec3094958960.dir/build
make[1]: se ingresa al directorio «/home/ruben/Documentos/3IngInformatica/FSIV/opencv-2.4.11/build2/CMakeFiles/CMakeTmp»
/usr/bin/cmake -E cmake_progress_report /home/ruben/Documentos/3IngInformatica/FSIV/opencv-2.4.11/build2/CMakeFiles/CMakeTmp/CMakeFiles 1
Building C object CMakeFiles/cmTryCompileExec3094958960.dir/TestEndianess.c.o
/usr/bin/cc   -fsigned-char -W -Wall -Werror=return-type -Werror=address -Werror=sequence-point -Wformat -Werror=format-security -Wmissing-declarations -Wmissing-prototypes -Wstrict-prototypes -Wundef -Winit-self -Wpointer-arith -Wshadow -Wno-narrowing -fdiagnostics-show-option -Wno-long-long -pthread -fomit-frame-pointer -msse -msse2 -msse3 -ffunction-sections  -O3 -DNDEBUG   -o CMakeFiles/cmTryCompileExec3094958960.dir/TestEndianess.c.o   -c /home/ruben/Documentos/3IngInformatica/FSIV/opencv-2.4.11/build2/CMakeFiles/CMakeTmp/TestEndianess.c
Linking C executable cmTryCompileExec3094958960
/usr/bin/cmake -E cmake_link_script CMakeFiles/cmTryCompileExec3094958960.dir/link.txt --verbose=1
/usr/bin/cc     -fsigned-char -W -Wall -Werror=return-type -Werror=address -Werror=sequence-point -Wformat -Werror=format-security -Wmissing-declarations -Wmissing-prototypes -Wstrict-prototypes -Wundef -Winit-self -Wpointer-arith -Wshadow -Wno-narrowing -fdiagnostics-show-option -Wno-long-long -pthread -fomit-frame-pointer -msse -msse2 -msse3 -ffunction-sections  -O3 -DNDEBUG    CMakeFiles/cmTryCompileExec3094958960.dir/TestEndianess.c.o  -o cmTryCompileExec3094958960 -rdynamic 
make[1]: se sale del directorio «/home/ruben/Documentos/3IngInformatica/FSIV/opencv-2.4.11/build2/CMakeFiles/CMakeTmp»

TestEndianess.c:
/* A 16 bit integer is required. */
typedef unsigned short cmakeint16;

/* On a little endian machine, these 16bit ints will give "THIS IS LITTLE ENDIAN."
   On a big endian machine the characters will be exchanged pairwise. */
const cmakeint16 info_little[] =  {0x4854, 0x5349, 0x4920, 0x2053, 0x494c, 0x5454, 0x454c, 0x4520, 0x444e, 0x4149, 0x2e4e, 0x0000};

/* on a big endian machine, these 16bit ints will give "THIS IS BIG ENDIAN."
   On a little endian machine the characters will be exchanged pairwise. */
const cmakeint16 info_big[] =     {0x5448, 0x4953, 0x2049, 0x5320, 0x4249, 0x4720, 0x454e, 0x4449, 0x414e, 0x2e2e, 0x0000};

#ifdef __CLASSIC_C__
int main(argc, argv) int argc; char *argv[];
#else
int main(int argc, char *argv[])
#endif
{
  int require = 0;
  require += info_little[argc];
  require += info_big[argc];
  (void)argv;
  return require;
}


Determining if the include file linux/videodev.h exists failed with the following output:
Change Dir: /home/ruben/Documentos/3IngInformatica/FSIV/opencv-2.4.11/build2/CMakeFiles/CMakeTmp

Run Build Command:/usr/bin/make "cmTryCompileExec4111431070/fast"
/usr/bin/make -f CMakeFiles/cmTryCompileExec4111431070.dir/build.make CMakeFiles/cmTryCompileExec4111431070.dir/build
make[1]: se ingresa al directorio «/home/ruben/Documentos/3IngInformatica/FSIV/opencv-2.4.11/build2/CMakeFiles/CMakeTmp»
/usr/bin/cmake -E cmake_progress_report /home/ruben/Documentos/3IngInformatica/FSIV/opencv-2.4.11/build2/CMakeFiles/CMakeTmp/CMakeFiles 1
Building C object CMakeFiles/cmTryCompileExec4111431070.dir/CheckIncludeFile.c.o
/usr/bin/cc   -fsigned-char -W -Wall -Werror=return-type -Werror=address -Werror=sequence-point -Wformat -Werror=format-security -Wmissing-declarations -Wmissing-prototypes -Wstrict-prototypes -Wundef -Winit-self -Wpointer-arith -Wshadow -Wno-narrowing -fdiagnostics-show-option -Wno-long-long -pthread -fomit-frame-pointer -msse -msse2 -msse3 -ffunction-sections  -O3 -DNDEBUG   -o CMakeFiles/cmTryCompileExec4111431070.dir/CheckIncludeFile.c.o   -c /home/ruben/Documentos/3IngInformatica/FSIV/opencv-2.4.11/build2/CMakeFiles/CMakeTmp/CheckIncludeFile.c
/home/ruben/Documentos/3IngInformatica/FSIV/opencv-2.4.11/build2/CMakeFiles/CMakeTmp/CheckIncludeFile.c:1:28: fatal error: linux/videodev.h: No existe el archivo o el directorio
 #include <linux/videodev.h>
                            ^
compilation terminated.
make[1]: se sale del directorio «/home/ruben/Documentos/3IngInformatica/FSIV/opencv-2.4.11/build2/CMakeFiles/CMakeTmp»
make[1]: *** [CMakeFiles/cmTryCompileExec4111431070.dir/CheckIncludeFile.c.o] Error 1
make: *** [cmTryCompileExec4111431070/fast] Error 2


Determining if the include file sys/videoio.h exists failed with the following output:
Change Dir: /home/ruben/Documentos/3IngInformatica/FSIV/opencv-2.4.11/build2/CMakeFiles/CMakeTmp

Run Build Command:/usr/bin/make "cmTryCompileExec2689604342/fast"
/usr/bin/make -f CMakeFiles/cmTryCompileExec2689604342.dir/build.make CMakeFiles/cmTryCompileExec2689604342.dir/build
make[1]: se ingresa al directorio «/home/ruben/Documentos/3IngInformatica/FSIV/opencv-2.4.11/build2/CMakeFiles/CMakeTmp»
/usr/bin/cmake -E cmake_progress_report /home/ruben/Documentos/3IngInformatica/FSIV/opencv-2.4.11/build2/CMakeFiles/CMakeTmp/CMakeFiles 1
Building C object CMakeFiles/cmTryCompileExec2689604342.dir/CheckIncludeFile.c.o
/usr/bin/cc   -fsigned-char -W -Wall -Werror=return-type -Werror=address -Werror=sequence-point -Wformat -Werror=format-security -Wmissing-declarations -Wmissing-prototypes -Wstrict-prototypes -Wundef -Winit-self -Wpointer-arith -Wshadow -Wno-narrowing -fdiagnostics-show-option -Wno-long-long -pthread -fomit-frame-pointer -msse -msse2 -msse3 -ffunction-sections  -O3 -DNDEBUG   -o CMakeFiles/cmTryCompileExec2689604342.dir/CheckIncludeFile.c.o   -c /home/ruben/Documentos/3IngInformatica/FSIV/opencv-2.4.11/build2/CMakeFiles/CMakeTmp/CheckIncludeFile.c
/home/ruben/Documentos/3IngInformatica/FSIV/opencv-2.4.11/build2/CMakeFiles/CMakeTmp/CheckIncludeFile.c:1:25: fatal error: sys/videoio.h: No existe el archivo o el directorio
 #include <sys/videoio.h>
                         ^
compilation terminated.
make[1]: *** [CMakeFiles/cmTryCompileExec2689604342.dir/CheckIncludeFile.c.o] Error 1
make[1]: se sale del directorio «/home/ruben/Documentos/3IngInformatica/FSIV/opencv-2.4.11/build2/CMakeFiles/CMakeTmp»
make: *** [cmTryCompileExec2689604342/fast] Error 2


Determining if the include file ffmpeg/avformat.h exists failed with the following output:
Change Dir: /home/ruben/Documentos/3IngInformatica/FSIV/opencv-2.4.11/build2/CMakeFiles/CMakeTmp

Run Build Command:/usr/bin/make "cmTryCompileExec1637094796/fast"
/usr/bin/make -f CMakeFiles/cmTryCompileExec1637094796.dir/build.make CMakeFiles/cmTryCompileExec1637094796.dir/build
make[1]: se ingresa al directorio «/home/ruben/Documentos/3IngInformatica/FSIV/opencv-2.4.11/build2/CMakeFiles/CMakeTmp»
/usr/bin/cmake -E cmake_progress_report /home/ruben/Documentos/3IngInformatica/FSIV/opencv-2.4.11/build2/CMakeFiles/CMakeTmp/CMakeFiles 1
Building C object CMakeFiles/cmTryCompileExec1637094796.dir/CheckIncludeFile.c.o
/usr/bin/cc   -fsigned-char -W -Wall -Werror=return-type -Werror=address -Werror=sequence-point -Wformat -Werror=format-security -Wmissing-declarations -Wmissing-prototypes -Wstrict-prototypes -Wundef -Winit-self -Wpointer-arith -Wshadow -Wno-narrowing -fdiagnostics-show-option -Wno-long-long -pthread -fomit-frame-pointer -msse -msse2 -msse3 -ffunction-sections  -O3 -DNDEBUG   -o CMakeFiles/cmTryCompileExec1637094796.dir/CheckIncludeFile.c.o   -c /home/ruben/Documentos/3IngInformatica/FSIV/opencv-2.4.11/build2/CMakeFiles/CMakeTmp/CheckIncludeFile.c
/home/ruben/Documentos/3IngInformatica/FSIV/opencv-2.4.11/build2/CMakeFiles/CMakeTmp/CheckIncludeFile.c:1:29: fatal error: ffmpeg/avformat.h: No existe el archivo o el directorio
 #include <ffmpeg/avformat.h>
                             ^
compilation terminated.
make[1]: *** [CMakeFiles/cmTryCompileExec1637094796.dir/CheckIncludeFile.c.o] Error 1
make[1]: se sale del directorio «/home/ruben/Documentos/3IngInformatica/FSIV/opencv-2.4.11/build2/CMakeFiles/CMakeTmp»
make: *** [cmTryCompileExec1637094796/fast] Error 2


Determining if the include file linux/videodev.h exists failed with the following output:
Change Dir: /home/ruben/Documentos/3IngInformatica/FSIV/opencv-2.4.11/build2/CMakeFiles/CMakeTmp

Run Build Command:/usr/bin/make "cmTryCompileExec4034981964/fast"
/usr/bin/make -f CMakeFiles/cmTryCompileExec4034981964.dir/build.make CMakeFiles/cmTryCompileExec4034981964.dir/build
make[1]: se ingresa al directorio «/home/ruben/Documentos/3IngInformatica/FSIV/opencv-2.4.11/build2/CMakeFiles/CMakeTmp»
/usr/bin/cmake -E cmake_progress_report /home/ruben/Documentos/3IngInformatica/FSIV/opencv-2.4.11/build2/CMakeFiles/CMakeTmp/CMakeFiles 1
Building C object CMakeFiles/cmTryCompileExec4034981964.dir/CheckIncludeFile.c.o
/usr/bin/cc   -fsigned-char -W -Wall -Werror=return-type -Werror=address -Werror=sequence-point -Wformat -Werror=format-security -Wmissing-declarations -Wmissing-prototypes -Wstrict-prototypes -Wundef -Winit-self -Wpointer-arith -Wshadow -Wno-narrowing -fdiagnostics-show-option -Wno-long-long -pthread -fomit-frame-pointer -msse -msse2 -msse3 -ffunction-sections  -O3 -DNDEBUG   -o CMakeFiles/cmTryCompileExec4034981964.dir/CheckIncludeFile.c.o   -c /home/ruben/Documentos/3IngInformatica/FSIV/opencv-2.4.11/build2/CMakeFiles/CMakeTmp/CheckIncludeFile.c
/home/ruben/Documentos/3IngInformatica/FSIV/opencv-2.4.11/build2/CMakeFiles/CMakeTmp/CheckIncludeFile.c:1:28: fatal error: linux/videodev.h: No existe el archivo o el directorio
 #include <linux/videodev.h>
                            ^
compilation terminated.
make[1]: se sale del directorio «/home/ruben/Documentos/3IngInformatica/FSIV/opencv-2.4.11/build2/CMakeFiles/CMakeTmp»
make[1]: *** [CMakeFiles/cmTryCompileExec4034981964.dir/CheckIncludeFile.c.o] Error 1
make: *** [cmTryCompileExec4034981964/fast] Error 2


Determining if the include file sys/videoio.h exists failed with the following output:
Change Dir: /home/ruben/Documentos/3IngInformatica/FSIV/opencv-2.4.11/build2/CMakeFiles/CMakeTmp

Run Build Command:/usr/bin/make "cmTryCompileExec1083250323/fast"
/usr/bin/make -f CMakeFiles/cmTryCompileExec1083250323.dir/build.make CMakeFiles/cmTryCompileExec1083250323.dir/build
make[1]: se ingresa al directorio «/home/ruben/Documentos/3IngInformatica/FSIV/opencv-2.4.11/build2/CMakeFiles/CMakeTmp»
/usr/bin/cmake -E cmake_progress_report /home/ruben/Documentos/3IngInformatica/FSIV/opencv-2.4.11/build2/CMakeFiles/CMakeTmp/CMakeFiles 1
Building C object CMakeFiles/cmTryCompileExec1083250323.dir/CheckIncludeFile.c.o
/usr/bin/cc   -fsigned-char -W -Wall -Werror=return-type -Werror=address -Werror=sequence-point -Wformat -Werror=format-security -Wmissing-declarations -Wmissing-prototypes -Wstrict-prototypes -Wundef -Winit-self -Wpointer-arith -Wshadow -Wno-narrowing -fdiagnostics-show-option -Wno-long-long -pthread -fomit-frame-pointer -msse -msse2 -msse3 -ffunction-sections  -O3 -DNDEBUG   -o CMakeFiles/cmTryCompileExec1083250323.dir/CheckIncludeFile.c.o   -c /home/ruben/Documentos/3IngInformatica/FSIV/opencv-2.4.11/build2/CMakeFiles/CMakeTmp/CheckIncludeFile.c
/home/ruben/Documentos/3IngInformatica/FSIV/opencv-2.4.11/build2/CMakeFiles/CMakeTmp/CheckIncludeFile.c:1:25: fatal error: sys/videoio.h: No existe el archivo o el directorio
 #include <sys/videoio.h>
                         ^
compilation terminated.
make[1]: se sale del directorio «/home/ruben/Documentos/3IngInformatica/FSIV/opencv-2.4.11/build2/CMakeFiles/CMakeTmp»
make[1]: *** [CMakeFiles/cmTryCompileExec1083250323.dir/CheckIncludeFile.c.o] Error 1
make: *** [cmTryCompileExec1083250323/fast] Error 2


Determining if the include file ffmpeg/avformat.h exists failed with the following output:
Change Dir: /home/ruben/Documentos/3IngInformatica/FSIV/opencv-2.4.11/build2/CMakeFiles/CMakeTmp

Run Build Command:/usr/bin/make "cmTryCompileExec1167759895/fast"
/usr/bin/make -f CMakeFiles/cmTryCompileExec1167759895.dir/build.make CMakeFiles/cmTryCompileExec1167759895.dir/build
make[1]: se ingresa al directorio «/home/ruben/Documentos/3IngInformatica/FSIV/opencv-2.4.11/build2/CMakeFiles/CMakeTmp»
/usr/bin/cmake -E cmake_progress_report /home/ruben/Documentos/3IngInformatica/FSIV/opencv-2.4.11/build2/CMakeFiles/CMakeTmp/CMakeFiles 1
Building C object CMakeFiles/cmTryCompileExec1167759895.dir/CheckIncludeFile.c.o
/usr/bin/cc   -fsigned-char -W -Wall -Werror=return-type -Werror=address -Werror=sequence-point -Wformat -Werror=format-security -Wmissing-declarations -Wmissing-prototypes -Wstrict-prototypes -Wundef -Winit-self -Wpointer-arith -Wshadow -Wno-narrowing -fdiagnostics-show-option -Wno-long-long -pthread -fomit-frame-pointer -msse -msse2 -msse3 -ffunction-sections  -O3 -DNDEBUG   -o CMakeFiles/cmTryCompileExec1167759895.dir/CheckIncludeFile.c.o   -c /home/ruben/Documentos/3IngInformatica/FSIV/opencv-2.4.11/build2/CMakeFiles/CMakeTmp/CheckIncludeFile.c
/home/ruben/Documentos/3IngInformatica/FSIV/opencv-2.4.11/build2/CMakeFiles/CMakeTmp/CheckIncludeFile.c:1:29: fatal error: ffmpeg/avformat.h: No existe el archivo o el directorio
 #include <ffmpeg/avformat.h>
                             ^
compilation terminated.
make[1]: se sale del directorio «/home/ruben/Documentos/3IngInformatica/FSIV/opencv-2.4.11/build2/CMakeFiles/CMakeTmp»
make[1]: *** [CMakeFiles/cmTryCompileExec1167759895.dir/CheckIncludeFile.c.o] Error 1
make: *** [cmTryCompileExec1167759895/fast] Error 2


Determining if the include file linux/videodev.h exists failed with the following output:
Change Dir: /home/ruben/Documentos/3IngInformatica/FSIV/opencv-2.4.11/build2/CMakeFiles/CMakeTmp

Run Build Command:/usr/bin/make "cmTryCompileExec1075469479/fast"
/usr/bin/make -f CMakeFiles/cmTryCompileExec1075469479.dir/build.make CMakeFiles/cmTryCompileExec1075469479.dir/build
make[1]: se ingresa al directorio «/home/ruben/Documentos/3IngInformatica/FSIV/opencv-2.4.11/build2/CMakeFiles/CMakeTmp»
/usr/bin/cmake -E cmake_progress_report /home/ruben/Documentos/3IngInformatica/FSIV/opencv-2.4.11/build2/CMakeFiles/CMakeTmp/CMakeFiles 1
Building C object CMakeFiles/cmTryCompileExec1075469479.dir/CheckIncludeFile.c.o
/usr/bin/cc   -fPIC   -fsigned-char -W -Wall -Werror=return-type -Werror=address -Werror=sequence-point -Wformat -Werror=format-security -Wmissing-declarations -Wmissing-prototypes -Wstrict-prototypes -Wundef -Winit-self -Wpointer-arith -Wshadow -Wno-narrowing -fdiagnostics-show-option -Wno-long-long -pthread -fomit-frame-pointer -msse -msse2 -msse3 -ffunction-sections  -g   -o CMakeFiles/cmTryCompileExec1075469479.dir/CheckIncludeFile.c.o   -c /home/ruben/Documentos/3IngInformatica/FSIV/opencv-2.4.11/build2/CMakeFiles/CMakeTmp/CheckIncludeFile.c
/home/ruben/Documentos/3IngInformatica/FSIV/opencv-2.4.11/build2/CMakeFiles/CMakeTmp/CheckIncludeFile.c:1:28: fatal error: linux/videodev.h: No existe el archivo o el directorio
 #include <linux/videodev.h>
                            ^
compilation terminated.
make[1]: se sale del directorio «/home/ruben/Documentos/3IngInformatica/FSIV/opencv-2.4.11/build2/CMakeFiles/CMakeTmp»
make[1]: *** [CMakeFiles/cmTryCompileExec1075469479.dir/CheckIncludeFile.c.o] Error 1
make: *** [cmTryCompileExec1075469479/fast] Error 2


Determining if the include file sys/videoio.h exists failed with the following output:
Change Dir: /home/ruben/Documentos/3IngInformatica/FSIV/opencv-2.4.11/build2/CMakeFiles/CMakeTmp

Run Build Command:/usr/bin/make "cmTryCompileExec2066475263/fast"
/usr/bin/make -f CMakeFiles/cmTryCompileExec2066475263.dir/build.make CMakeFiles/cmTryCompileExec2066475263.dir/build
make[1]: se ingresa al directorio «/home/ruben/Documentos/3IngInformatica/FSIV/opencv-2.4.11/build2/CMakeFiles/CMakeTmp»
/usr/bin/cmake -E cmake_progress_report /home/ruben/Documentos/3IngInformatica/FSIV/opencv-2.4.11/build2/CMakeFiles/CMakeTmp/CMakeFiles 1
Building C object CMakeFiles/cmTryCompileExec2066475263.dir/CheckIncludeFile.c.o
/usr/bin/cc   -fPIC   -fsigned-char -W -Wall -Werror=return-type -Werror=address -Werror=sequence-point -Wformat -Werror=format-security -Wmissing-declarations -Wmissing-prototypes -Wstrict-prototypes -Wundef -Winit-self -Wpointer-arith -Wshadow -Wno-narrowing -fdiagnostics-show-option -Wno-long-long -pthread -fomit-frame-pointer -msse -msse2 -msse3 -ffunction-sections  -g   -o CMakeFiles/cmTryCompileExec2066475263.dir/CheckIncludeFile.c.o   -c /home/ruben/Documentos/3IngInformatica/FSIV/opencv-2.4.11/build2/CMakeFiles/CMakeTmp/CheckIncludeFile.c
/home/ruben/Documentos/3IngInformatica/FSIV/opencv-2.4.11/build2/CMakeFiles/CMakeTmp/CheckIncludeFile.c:1:25: fatal error: sys/videoio.h: No existe el archivo o el directorio
 #include <sys/videoio.h>
                         ^
compilation terminated.
make[1]: se sale del directorio «/home/ruben/Documentos/3IngInformatica/FSIV/opencv-2.4.11/build2/CMakeFiles/CMakeTmp»
make[1]: *** [CMakeFiles/cmTryCompileExec2066475263.dir/CheckIncludeFile.c.o] Error 1
make: *** [cmTryCompileExec2066475263/fast] Error 2


Determining if the include file ffmpeg/avformat.h exists failed with the following output:
Change Dir: /home/ruben/Documentos/3IngInformatica/FSIV/opencv-2.4.11/build2/CMakeFiles/CMakeTmp

Run Build Command:/usr/bin/make "cmTryCompileExec536583590/fast"
/usr/bin/make -f CMakeFiles/cmTryCompileExec536583590.dir/build.make CMakeFiles/cmTryCompileExec536583590.dir/build
make[1]: se ingresa al directorio «/home/ruben/Documentos/3IngInformatica/FSIV/opencv-2.4.11/build2/CMakeFiles/CMakeTmp»
/usr/bin/cmake -E cmake_progress_report /home/ruben/Documentos/3IngInformatica/FSIV/opencv-2.4.11/build2/CMakeFiles/CMakeTmp/CMakeFiles 1
Building C object CMakeFiles/cmTryCompileExec536583590.dir/CheckIncludeFile.c.o
/usr/bin/cc   -fPIC   -fsigned-char -W -Wall -Werror=return-type -Werror=address -Werror=sequence-point -Wformat -Werror=format-security -Wmissing-declarations -Wmissing-prototypes -Wstrict-prototypes -Wundef -Winit-self -Wpointer-arith -Wshadow -Wno-narrowing -fdiagnostics-show-option -Wno-long-long -pthread -fomit-frame-pointer -msse -msse2 -msse3 -ffunction-sections  -g   -o CMakeFiles/cmTryCompileExec536583590.dir/CheckIncludeFile.c.o   -c /home/ruben/Documentos/3IngInformatica/FSIV/opencv-2.4.11/build2/CMakeFiles/CMakeTmp/CheckIncludeFile.c
/home/ruben/Documentos/3IngInformatica/FSIV/opencv-2.4.11/build2/CMakeFiles/CMakeTmp/CheckIncludeFile.c:1:29: fatal error: ffmpeg/avformat.h: No existe el archivo o el directorio
 #include <ffmpeg/avformat.h>
                             ^
compilation terminated.
make[1]: se sale del directorio «/home/ruben/Documentos/3IngInformatica/FSIV/opencv-2.4.11/build2/CMakeFiles/CMakeTmp»
make[1]: *** [CMakeFiles/cmTryCompileExec536583590.dir/CheckIncludeFile.c.o] Error 1
make: *** [cmTryCompileExec536583590/fast] Error 2


Determining if the include file linux/videodev.h exists failed with the following output:
Change Dir: /home/ruben/Documentos/3IngInformatica/FSIV/opencv-2.4.11/build2/CMakeFiles/CMakeTmp

Run Build Command:/usr/bin/make "cmTryCompileExec1322221050/fast"
/usr/bin/make -f CMakeFiles/cmTryCompileExec1322221050.dir/build.make CMakeFiles/cmTryCompileExec1322221050.dir/build
make[1]: se ingresa al directorio «/home/ruben/Documentos/3IngInformatica/FSIV/opencv-2.4.11/build2/CMakeFiles/CMakeTmp»
/usr/bin/cmake -E cmake_progress_report /home/ruben/Documentos/3IngInformatica/FSIV/opencv-2.4.11/build2/CMakeFiles/CMakeTmp/CMakeFiles 1
Building C object CMakeFiles/cmTryCompileExec1322221050.dir/CheckIncludeFile.c.o
/usr/bin/cc   -fPIC   -fsigned-char -W -Wall -Werror=return-type -Werror=address -Werror=sequence-point -Wformat -Werror=format-security -Wmissing-declarations -Wmissing-prototypes -Wstrict-prototypes -Wundef -Winit-self -Wpointer-arith -Wshadow -Wno-narrowing -fdiagnostics-show-option -Wno-long-long -pthread -fomit-frame-pointer -msse -msse2 -msse3 -ffunction-sections  -g   -o CMakeFiles/cmTryCompileExec1322221050.dir/CheckIncludeFile.c.o   -c /home/ruben/Documentos/3IngInformatica/FSIV/opencv-2.4.11/build2/CMakeFiles/CMakeTmp/CheckIncludeFile.c
/home/ruben/Documentos/3IngInformatica/FSIV/opencv-2.4.11/build2/CMakeFiles/CMakeTmp/CheckIncludeFile.c:1:28: fatal error: linux/videodev.h: No existe el archivo o el directorio
 #include <linux/videodev.h>
                            ^
compilation terminated.
make[1]: *** [CMakeFiles/cmTryCompileExec1322221050.dir/CheckIncludeFile.c.o] Error 1
make[1]: se sale del directorio «/home/ruben/Documentos/3IngInformatica/FSIV/opencv-2.4.11/build2/CMakeFiles/CMakeTmp»
make: *** [cmTryCompileExec1322221050/fast] Error 2


Determining if the include file sys/videoio.h exists failed with the following output:
Change Dir: /home/ruben/Documentos/3IngInformatica/FSIV/opencv-2.4.11/build2/CMakeFiles/CMakeTmp

Run Build Command:/usr/bin/make "cmTryCompileExec2763408817/fast"
/usr/bin/make -f CMakeFiles/cmTryCompileExec2763408817.dir/build.make CMakeFiles/cmTryCompileExec2763408817.dir/build
make[1]: se ingresa al directorio «/home/ruben/Documentos/3IngInformatica/FSIV/opencv-2.4.11/build2/CMakeFiles/CMakeTmp»
/usr/bin/cmake -E cmake_progress_report /home/ruben/Documentos/3IngInformatica/FSIV/opencv-2.4.11/build2/CMakeFiles/CMakeTmp/CMakeFiles 1
Building C object CMakeFiles/cmTryCompileExec2763408817.dir/CheckIncludeFile.c.o
/usr/bin/cc   -fPIC   -fsigned-char -W -Wall -Werror=return-type -Werror=address -Werror=sequence-point -Wformat -Werror=format-security -Wmissing-declarations -Wmissing-prototypes -Wstrict-prototypes -Wundef -Winit-self -Wpointer-arith -Wshadow -Wno-narrowing -fdiagnostics-show-option -Wno-long-long -pthread -fomit-frame-pointer -msse -msse2 -msse3 -ffunction-sections  -g   -o CMakeFiles/cmTryCompileExec2763408817.dir/CheckIncludeFile.c.o   -c /home/ruben/Documentos/3IngInformatica/FSIV/opencv-2.4.11/build2/CMakeFiles/CMakeTmp/CheckIncludeFile.c
/home/ruben/Documentos/3IngInformatica/FSIV/opencv-2.4.11/build2/CMakeFiles/CMakeTmp/CheckIncludeFile.c:1:25: fatal error: sys/videoio.h: No existe el archivo o el directorio
 #include <sys/videoio.h>
                         ^
compilation terminated.
make[1]: *** [CMakeFiles/cmTryCompileExec2763408817.dir/CheckIncludeFile.c.o] Error 1
make[1]: se sale del directorio «/home/ruben/Documentos/3IngInformatica/FSIV/opencv-2.4.11/build2/CMakeFiles/CMakeTmp»
make: *** [cmTryCompileExec2763408817/fast] Error 2


Determining if the include file ffmpeg/avformat.h exists failed with the following output:
Change Dir: /home/ruben/Documentos/3IngInformatica/FSIV/opencv-2.4.11/build2/CMakeFiles/CMakeTmp

Run Build Command:/usr/bin/make "cmTryCompileExec1861183841/fast"
/usr/bin/make -f CMakeFiles/cmTryCompileExec1861183841.dir/build.make CMakeFiles/cmTryCompileExec1861183841.dir/build
make[1]: se ingresa al directorio «/home/ruben/Documentos/3IngInformatica/FSIV/opencv-2.4.11/build2/CMakeFiles/CMakeTmp»
/usr/bin/cmake -E cmake_progress_report /home/ruben/Documentos/3IngInformatica/FSIV/opencv-2.4.11/build2/CMakeFiles/CMakeTmp/CMakeFiles 1
Building C object CMakeFiles/cmTryCompileExec1861183841.dir/CheckIncludeFile.c.o
/usr/bin/cc   -fPIC   -fsigned-char -W -Wall -Werror=return-type -Werror=address -Werror=sequence-point -Wformat -Werror=format-security -Wmissing-declarations -Wmissing-prototypes -Wstrict-prototypes -Wundef -Winit-self -Wpointer-arith -Wshadow -Wno-narrowing -fdiagnostics-show-option -Wno-long-long -pthread -fomit-frame-pointer -msse -msse2 -msse3 -ffunction-sections  -g   -o CMakeFiles/cmTryCompileExec1861183841.dir/CheckIncludeFile.c.o   -c /home/ruben/Documentos/3IngInformatica/FSIV/opencv-2.4.11/build2/CMakeFiles/CMakeTmp/CheckIncludeFile.c
/home/ruben/Documentos/3IngInformatica/FSIV/opencv-2.4.11/build2/CMakeFiles/CMakeTmp/CheckIncludeFile.c:1:29: fatal error: ffmpeg/avformat.h: No existe el archivo o el directorio
 #include <ffmpeg/avformat.h>
                             ^
compilation terminated.
make[1]: *** [CMakeFiles/cmTryCompileExec1861183841.dir/CheckIncludeFile.c.o] Error 1
make[1]: se sale del directorio «/home/ruben/Documentos/3IngInformatica/FSIV/opencv-2.4.11/build2/CMakeFiles/CMakeTmp»
make: *** [cmTryCompileExec1861183841/fast] Error 2


Determining if the include file linux/videodev.h exists failed with the following output:
Change Dir: /home/ruben/Documentos/3IngInformatica/FSIV/opencv-2.4.11/build2/CMakeFiles/CMakeTmp

Run Build Command:/usr/bin/make "cmTryCompileExec128563810/fast"
/usr/bin/make -f CMakeFiles/cmTryCompileExec128563810.dir/build.make CMakeFiles/cmTryCompileExec128563810.dir/build
make[1]: se ingresa al directorio «/home/ruben/Documentos/3IngInformatica/FSIV/opencv-2.4.11/build2/CMakeFiles/CMakeTmp»
/usr/bin/cmake -E cmake_progress_report /home/ruben/Documentos/3IngInformatica/FSIV/opencv-2.4.11/build2/CMakeFiles/CMakeTmp/CMakeFiles 1
Building C object CMakeFiles/cmTryCompileExec128563810.dir/CheckIncludeFile.c.o
/usr/bin/cc   -fPIC   -fsigned-char -W -Wall -Werror=return-type -Werror=address -Werror=sequence-point -Wformat -Werror=format-security -Wmissing-declarations -Wmissing-prototypes -Wstrict-prototypes -Wundef -Winit-self -Wpointer-arith -Wshadow -Wno-narrowing -fdiagnostics-show-option -Wno-long-long -pthread -fomit-frame-pointer -msse -msse2 -msse3 -ffunction-sections  -g   -o CMakeFiles/cmTryCompileExec128563810.dir/CheckIncludeFile.c.o   -c /home/ruben/Documentos/3IngInformatica/FSIV/opencv-2.4.11/build2/CMakeFiles/CMakeTmp/CheckIncludeFile.c
/home/ruben/Documentos/3IngInformatica/FSIV/opencv-2.4.11/build2/CMakeFiles/CMakeTmp/CheckIncludeFile.c:1:28: fatal error: linux/videodev.h: No existe el archivo o el directorio
 #include <linux/videodev.h>
                            ^
compilation terminated.
make[1]: *** [CMakeFiles/cmTryCompileExec128563810.dir/CheckIncludeFile.c.o] Error 1
make[1]: se sale del directorio «/home/ruben/Documentos/3IngInformatica/FSIV/opencv-2.4.11/build2/CMakeFiles/CMakeTmp»
make: *** [cmTryCompileExec128563810/fast] Error 2


Determining if the include file sys/videoio.h exists failed with the following output:
Change Dir: /home/ruben/Documentos/3IngInformatica/FSIV/opencv-2.4.11/build2/CMakeFiles/CMakeTmp

Run Build Command:/usr/bin/make "cmTryCompileExec729513106/fast"
/usr/bin/make -f CMakeFiles/cmTryCompileExec729513106.dir/build.make CMakeFiles/cmTryCompileExec729513106.dir/build
make[1]: se ingresa al directorio «/home/ruben/Documentos/3IngInformatica/FSIV/opencv-2.4.11/build2/CMakeFiles/CMakeTmp»
/usr/bin/cmake -E cmake_progress_report /home/ruben/Documentos/3IngInformatica/FSIV/opencv-2.4.11/build2/CMakeFiles/CMakeTmp/CMakeFiles 1
Building C object CMakeFiles/cmTryCompileExec729513106.dir/CheckIncludeFile.c.o
/usr/bin/cc   -fPIC   -fsigned-char -W -Wall -Werror=return-type -Werror=address -Werror=sequence-point -Wformat -Werror=format-security -Wmissing-declarations -Wmissing-prototypes -Wstrict-prototypes -Wundef -Winit-self -Wpointer-arith -Wshadow -Wno-narrowing -fdiagnostics-show-option -Wno-long-long -pthread -fomit-frame-pointer -msse -msse2 -msse3 -ffunction-sections  -g   -o CMakeFiles/cmTryCompileExec729513106.dir/CheckIncludeFile.c.o   -c /home/ruben/Documentos/3IngInformatica/FSIV/opencv-2.4.11/build2/CMakeFiles/CMakeTmp/CheckIncludeFile.c
/home/ruben/Documentos/3IngInformatica/FSIV/opencv-2.4.11/build2/CMakeFiles/CMakeTmp/CheckIncludeFile.c:1:25: fatal error: sys/videoio.h: No existe el archivo o el directorio
 #include <sys/videoio.h>
                         ^
compilation terminated.
make[1]: *** [CMakeFiles/cmTryCompileExec729513106.dir/CheckIncludeFile.c.o] Error 1
make[1]: se sale del directorio «/home/ruben/Documentos/3IngInformatica/FSIV/opencv-2.4.11/build2/CMakeFiles/CMakeTmp»
make: *** [cmTryCompileExec729513106/fast] Error 2


Determining if the include file ffmpeg/avformat.h exists failed with the following output:
Change Dir: /home/ruben/Documentos/3IngInformatica/FSIV/opencv-2.4.11/build2/CMakeFiles/CMakeTmp

Run Build Command:/usr/bin/make "cmTryCompileExec1492176011/fast"
/usr/bin/make -f CMakeFiles/cmTryCompileExec1492176011.dir/build.make CMakeFiles/cmTryCompileExec1492176011.dir/build
make[1]: se ingresa al directorio «/home/ruben/Documentos/3IngInformatica/FSIV/opencv-2.4.11/build2/CMakeFiles/CMakeTmp»
/usr/bin/cmake -E cmake_progress_report /home/ruben/Documentos/3IngInformatica/FSIV/opencv-2.4.11/build2/CMakeFiles/CMakeTmp/CMakeFiles 1
Building C object CMakeFiles/cmTryCompileExec1492176011.dir/CheckIncludeFile.c.o
/usr/bin/cc   -fPIC   -fsigned-char -W -Wall -Werror=return-type -Werror=address -Werror=sequence-point -Wformat -Werror=format-security -Wmissing-declarations -Wmissing-prototypes -Wstrict-prototypes -Wundef -Winit-self -Wpointer-arith -Wshadow -Wno-narrowing -fdiagnostics-show-option -Wno-long-long -pthread -fomit-frame-pointer -msse -msse2 -msse3 -ffunction-sections  -g   -o CMakeFiles/cmTryCompileExec1492176011.dir/CheckIncludeFile.c.o   -c /home/ruben/Documentos/3IngInformatica/FSIV/opencv-2.4.11/build2/CMakeFiles/CMakeTmp/CheckIncludeFile.c
/home/ruben/Documentos/3IngInformatica/FSIV/opencv-2.4.11/build2/CMakeFiles/CMakeTmp/CheckIncludeFile.c:1:29: fatal error: ffmpeg/avformat.h: No existe el archivo o el directorio
 #include <ffmpeg/avformat.h>
                             ^
compilation terminated.
make[1]: *** [CMakeFiles/cmTryCompileExec1492176011.dir/CheckIncludeFile.c.o] Error 1
make[1]: se sale del directorio «/home/ruben/Documentos/3IngInformatica/FSIV/opencv-2.4.11/build2/CMakeFiles/CMakeTmp»
make: *** [cmTryCompileExec1492176011/fast] Error 2


Determining if the include file linux/videodev.h exists failed with the following output:
Change Dir: /home/ruben/Documentos/3IngInformatica/FSIV/opencv-2.4.11/build2/CMakeFiles/CMakeTmp

Run Build Command:/usr/bin/make "cmTryCompileExec3695881614/fast"
/usr/bin/make -f CMakeFiles/cmTryCompileExec3695881614.dir/build.make CMakeFiles/cmTryCompileExec3695881614.dir/build
make[1]: se ingresa al directorio «/home/ruben/Documentos/3IngInformatica/FSIV/opencv-2.4.11/build2/CMakeFiles/CMakeTmp»
/usr/bin/cmake -E cmake_progress_report /home/ruben/Documentos/3IngInformatica/FSIV/opencv-2.4.11/build2/CMakeFiles/CMakeTmp/CMakeFiles 1
Building C object CMakeFiles/cmTryCompileExec3695881614.dir/CheckIncludeFile.c.o
/usr/bin/cc   -fPIC   -fsigned-char -W -Wall -Werror=return-type -Werror=address -Werror=sequence-point -Wformat -Werror=format-security -Wmissing-declarations -Wmissing-prototypes -Wstrict-prototypes -Wundef -Winit-self -Wpointer-arith -Wshadow -Wno-narrowing -fdiagnostics-show-option -Wno-long-long -pthread -fomit-frame-pointer -msse -msse2 -msse3 -ffunction-sections  -g   -o CMakeFiles/cmTryCompileExec3695881614.dir/CheckIncludeFile.c.o   -c /home/ruben/Documentos/3IngInformatica/FSIV/opencv-2.4.11/build2/CMakeFiles/CMakeTmp/CheckIncludeFile.c
/home/ruben/Documentos/3IngInformatica/FSIV/opencv-2.4.11/build2/CMakeFiles/CMakeTmp/CheckIncludeFile.c:1:28: fatal error: linux/videodev.h: No existe el archivo o el directorio
 #include <linux/videodev.h>
                            ^
compilation terminated.
make[1]: *** [CMakeFiles/cmTryCompileExec3695881614.dir/CheckIncludeFile.c.o] Error 1
make[1]: se sale del directorio «/home/ruben/Documentos/3IngInformatica/FSIV/opencv-2.4.11/build2/CMakeFiles/CMakeTmp»
make: *** [cmTryCompileExec3695881614/fast] Error 2


Determining if the include file sys/videoio.h exists failed with the following output:
Change Dir: /home/ruben/Documentos/3IngInformatica/FSIV/opencv-2.4.11/build2/CMakeFiles/CMakeTmp

Run Build Command:/usr/bin/make "cmTryCompileExec4113066173/fast"
/usr/bin/make -f CMakeFiles/cmTryCompileExec4113066173.dir/build.make CMakeFiles/cmTryCompileExec4113066173.dir/build
make[1]: se ingresa al directorio «/home/ruben/Documentos/3IngInformatica/FSIV/opencv-2.4.11/build2/CMakeFiles/CMakeTmp»
/usr/bin/cmake -E cmake_progress_report /home/ruben/Documentos/3IngInformatica/FSIV/opencv-2.4.11/build2/CMakeFiles/CMakeTmp/CMakeFiles 1
Building C object CMakeFiles/cmTryCompileExec4113066173.dir/CheckIncludeFile.c.o
/usr/bin/cc   -fPIC   -fsigned-char -W -Wall -Werror=return-type -Werror=address -Werror=sequence-point -Wformat -Werror=format-security -Wmissing-declarations -Wmissing-prototypes -Wstrict-prototypes -Wundef -Winit-self -Wpointer-arith -Wshadow -Wno-narrowing -fdiagnostics-show-option -Wno-long-long -pthread -fomit-frame-pointer -msse -msse2 -msse3 -ffunction-sections  -g   -o CMakeFiles/cmTryCompileExec4113066173.dir/CheckIncludeFile.c.o   -c /home/ruben/Documentos/3IngInformatica/FSIV/opencv-2.4.11/build2/CMakeFiles/CMakeTmp/CheckIncludeFile.c
/home/ruben/Documentos/3IngInformatica/FSIV/opencv-2.4.11/build2/CMakeFiles/CMakeTmp/CheckIncludeFile.c:1:25: fatal error: sys/videoio.h: No existe el archivo o el directorio
 #include <sys/videoio.h>
                         ^
compilation terminated.
make[1]: *** [CMakeFiles/cmTryCompileExec4113066173.dir/CheckIncludeFile.c.o] Error 1
make[1]: se sale del directorio «/home/ruben/Documentos/3IngInformatica/FSIV/opencv-2.4.11/build2/CMakeFiles/CMakeTmp»
make: *** [cmTryCompileExec4113066173/fast] Error 2


Determining if the include file ffmpeg/avformat.h exists failed with the following output:
Change Dir: /home/ruben/Documentos/3IngInformatica/FSIV/opencv-2.4.11/build2/CMakeFiles/CMakeTmp

Run Build Command:/usr/bin/make "cmTryCompileExec3922287853/fast"
/usr/bin/make -f CMakeFiles/cmTryCompileExec3922287853.dir/build.make CMakeFiles/cmTryCompileExec3922287853.dir/build
make[1]: se ingresa al directorio «/home/ruben/Documentos/3IngInformatica/FSIV/opencv-2.4.11/build2/CMakeFiles/CMakeTmp»
/usr/bin/cmake -E cmake_progress_report /home/ruben/Documentos/3IngInformatica/FSIV/opencv-2.4.11/build2/CMakeFiles/CMakeTmp/CMakeFiles 1
Building C object CMakeFiles/cmTryCompileExec3922287853.dir/CheckIncludeFile.c.o
/usr/bin/cc   -fPIC   -fsigned-char -W -Wall -Werror=return-type -Werror=address -Werror=sequence-point -Wformat -Werror=format-security -Wmissing-declarations -Wmissing-prototypes -Wstrict-prototypes -Wundef -Winit-self -Wpointer-arith -Wshadow -Wno-narrowing -fdiagnostics-show-option -Wno-long-long -pthread -fomit-frame-pointer -msse -msse2 -msse3 -ffunction-sections  -g   -o CMakeFiles/cmTryCompileExec3922287853.dir/CheckIncludeFile.c.o   -c /home/ruben/Documentos/3IngInformatica/FSIV/opencv-2.4.11/build2/CMakeFiles/CMakeTmp/CheckIncludeFile.c
/home/ruben/Documentos/3IngInformatica/FSIV/opencv-2.4.11/build2/CMakeFiles/CMakeTmp/CheckIncludeFile.c:1:29: fatal error: ffmpeg/avformat.h: No existe el archivo o el directorio
 #include <ffmpeg/avformat.h>
                             ^
compilation terminated.
make[1]: *** [CMakeFiles/cmTryCompileExec3922287853.dir/CheckIncludeFile.c.o] Error 1
make[1]: se sale del directorio «/home/ruben/Documentos/3IngInformatica/FSIV/opencv-2.4.11/build2/CMakeFiles/CMakeTmp»
make: *** [cmTryCompileExec3922287853/fast] Error 2


Determining if the include file linux/videodev.h exists failed with the following output:
Change Dir: /home/ruben/Documentos/3IngInformatica/FSIV/opencv-2.4.11/build2/CMakeFiles/CMakeTmp

Run Build Command:/usr/bin/make "cmTryCompileExec728292954/fast"
/usr/bin/make -f CMakeFiles/cmTryCompileExec728292954.dir/build.make CMakeFiles/cmTryCompileExec728292954.dir/build
make[1]: se ingresa al directorio «/home/ruben/Documentos/3IngInformatica/FSIV/opencv-2.4.11/build2/CMakeFiles/CMakeTmp»
/usr/bin/cmake -E cmake_progress_report /home/ruben/Documentos/3IngInformatica/FSIV/opencv-2.4.11/build2/CMakeFiles/CMakeTmp/CMakeFiles 1
Building C object CMakeFiles/cmTryCompileExec728292954.dir/CheckIncludeFile.c.o
/usr/bin/cc   -fPIC   -fsigned-char -W -Wall -Werror=return-type -Werror=address -Werror=sequence-point -Wformat -Werror=format-security -Wmissing-declarations -Wmissing-prototypes -Wstrict-prototypes -Wundef -Winit-self -Wpointer-arith -Wshadow -Wno-narrowing -fdiagnostics-show-option -Wno-long-long -pthread -fomit-frame-pointer -msse -msse2 -msse3 -ffunction-sections  -g   -o CMakeFiles/cmTryCompileExec728292954.dir/CheckIncludeFile.c.o   -c /home/ruben/Documentos/3IngInformatica/FSIV/opencv-2.4.11/build2/CMakeFiles/CMakeTmp/CheckIncludeFile.c
/home/ruben/Documentos/3IngInformatica/FSIV/opencv-2.4.11/build2/CMakeFiles/CMakeTmp/CheckIncludeFile.c:1:28: fatal error: linux/videodev.h: No existe el archivo o el directorio
 #include <linux/videodev.h>
                            ^
compilation terminated.
make[1]: *** [CMakeFiles/cmTryCompileExec728292954.dir/CheckIncludeFile.c.o] Error 1
make[1]: se sale del directorio «/home/ruben/Documentos/3IngInformatica/FSIV/opencv-2.4.11/build2/CMakeFiles/CMakeTmp»
make: *** [cmTryCompileExec728292954/fast] Error 2


Determining if the include file sys/videoio.h exists failed with the following output:
Change Dir: /home/ruben/Documentos/3IngInformatica/FSIV/opencv-2.4.11/build2/CMakeFiles/CMakeTmp

Run Build Command:/usr/bin/make "cmTryCompileExec3089122437/fast"
/usr/bin/make -f CMakeFiles/cmTryCompileExec3089122437.dir/build.make CMakeFiles/cmTryCompileExec3089122437.dir/build
make[1]: se ingresa al directorio «/home/ruben/Documentos/3IngInformatica/FSIV/opencv-2.4.11/build2/CMakeFiles/CMakeTmp»
/usr/bin/cmake -E cmake_progress_report /home/ruben/Documentos/3IngInformatica/FSIV/opencv-2.4.11/build2/CMakeFiles/CMakeTmp/CMakeFiles 1
Building C object CMakeFiles/cmTryCompileExec3089122437.dir/CheckIncludeFile.c.o
/usr/bin/cc   -fPIC   -fsigned-char -W -Wall -Werror=return-type -Werror=address -Werror=sequence-point -Wformat -Werror=format-security -Wmissing-declarations -Wmissing-prototypes -Wstrict-prototypes -Wundef -Winit-self -Wpointer-arith -Wshadow -Wno-narrowing -fdiagnostics-show-option -Wno-long-long -pthread -fomit-frame-pointer -msse -msse2 -msse3 -ffunction-sections  -g   -o CMakeFiles/cmTryCompileExec3089122437.dir/CheckIncludeFile.c.o   -c /home/ruben/Documentos/3IngInformatica/FSIV/opencv-2.4.11/build2/CMakeFiles/CMakeTmp/CheckIncludeFile.c
/home/ruben/Documentos/3IngInformatica/FSIV/opencv-2.4.11/build2/CMakeFiles/CMakeTmp/CheckIncludeFile.c:1:25: fatal error: sys/videoio.h: No existe el archivo o el directorio
 #include <sys/videoio.h>
                         ^
compilation terminated.
make[1]: *** [CMakeFiles/cmTryCompileExec3089122437.dir/CheckIncludeFile.c.o] Error 1
make[1]: se sale del directorio «/home/ruben/Documentos/3IngInformatica/FSIV/opencv-2.4.11/build2/CMakeFiles/CMakeTmp»
make: *** [cmTryCompileExec3089122437/fast] Error 2


Determining if the include file ffmpeg/avformat.h exists failed with the following output:
Change Dir: /home/ruben/Documentos/3IngInformatica/FSIV/opencv-2.4.11/build2/CMakeFiles/CMakeTmp

Run Build Command:/usr/bin/make "cmTryCompileExec2676579550/fast"
/usr/bin/make -f CMakeFiles/cmTryCompileExec2676579550.dir/build.make CMakeFiles/cmTryCompileExec2676579550.dir/build
make[1]: se ingresa al directorio «/home/ruben/Documentos/3IngInformatica/FSIV/opencv-2.4.11/build2/CMakeFiles/CMakeTmp»
/usr/bin/cmake -E cmake_progress_report /home/ruben/Documentos/3IngInformatica/FSIV/opencv-2.4.11/build2/CMakeFiles/CMakeTmp/CMakeFiles 1
Building C object CMakeFiles/cmTryCompileExec2676579550.dir/CheckIncludeFile.c.o
/usr/bin/cc   -fPIC   -fsigned-char -W -Wall -Werror=return-type -Werror=address -Werror=sequence-point -Wformat -Werror=format-security -Wmissing-declarations -Wmissing-prototypes -Wstrict-prototypes -Wundef -Winit-self -Wpointer-arith -Wshadow -Wno-narrowing -fdiagnostics-show-option -Wno-long-long -pthread -fomit-frame-pointer -msse -msse2 -msse3 -ffunction-sections  -g   -o CMakeFiles/cmTryCompileExec2676579550.dir/CheckIncludeFile.c.o   -c /home/ruben/Documentos/3IngInformatica/FSIV/opencv-2.4.11/build2/CMakeFiles/CMakeTmp/CheckIncludeFile.c
/home/ruben/Documentos/3IngInformatica/FSIV/opencv-2.4.11/build2/CMakeFiles/CMakeTmp/CheckIncludeFile.c:1:29: fatal error: ffmpeg/avformat.h: No existe el archivo o el directorio
 #include <ffmpeg/avformat.h>
                             ^
compilation terminated.
make[1]: *** [CMakeFiles/cmTryCompileExec2676579550.dir/CheckIncludeFile.c.o] Error 1
make[1]: se sale del directorio «/home/ruben/Documentos/3IngInformatica/FSIV/opencv-2.4.11/build2/CMakeFiles/CMakeTmp»
make: *** [cmTryCompileExec2676579550/fast] Error 2


Determining if the include file linux/videodev.h exists failed with the following output:
Change Dir: /home/ruben/Documentos/3IngInformatica/FSIV/opencv-2.4.11/build2/CMakeFiles/CMakeTmp

Run Build Command:/usr/bin/make "cmTryCompileExec3456576455/fast"
/usr/bin/make -f CMakeFiles/cmTryCompileExec3456576455.dir/build.make CMakeFiles/cmTryCompileExec3456576455.dir/build
make[1]: se ingresa al directorio «/home/ruben/Documentos/3IngInformatica/FSIV/opencv-2.4.11/build2/CMakeFiles/CMakeTmp»
/usr/bin/cmake -E cmake_progress_report /home/ruben/Documentos/3IngInformatica/FSIV/opencv-2.4.11/build2/CMakeFiles/CMakeTmp/CMakeFiles 1
Building C object CMakeFiles/cmTryCompileExec3456576455.dir/CheckIncludeFile.c.o
/usr/bin/cc   -fPIC   -fsigned-char -W -Wall -Werror=return-type -Werror=address -Werror=sequence-point -Wformat -Werror=format-security -Wmissing-declarations -Wmissing-prototypes -Wstrict-prototypes -Wundef -Winit-self -Wpointer-arith -Wshadow -Wno-narrowing -fdiagnostics-show-option -Wno-long-long -pthread -fomit-frame-pointer -msse -msse2 -msse3 -ffunction-sections  -g   -o CMakeFiles/cmTryCompileExec3456576455.dir/CheckIncludeFile.c.o   -c /home/ruben/Documentos/3IngInformatica/FSIV/opencv-2.4.11/build2/CMakeFiles/CMakeTmp/CheckIncludeFile.c
/home/ruben/Documentos/3IngInformatica/FSIV/opencv-2.4.11/build2/CMakeFiles/CMakeTmp/CheckIncludeFile.c:1:28: fatal error: linux/videodev.h: No existe el archivo o el directorio
 #include <linux/videodev.h>
                            ^
compilation terminated.
make[1]: *** [CMakeFiles/cmTryCompileExec3456576455.dir/CheckIncludeFile.c.o] Error 1
make[1]: se sale del directorio «/home/ruben/Documentos/3IngInformatica/FSIV/opencv-2.4.11/build2/CMakeFiles/CMakeTmp»
make: *** [cmTryCompileExec3456576455/fast] Error 2


Determining if the include file sys/videoio.h exists failed with the following output:
Change Dir: /home/ruben/Documentos/3IngInformatica/FSIV/opencv-2.4.11/build2/CMakeFiles/CMakeTmp

Run Build Command:/usr/bin/make "cmTryCompileExec1903730601/fast"
/usr/bin/make -f CMakeFiles/cmTryCompileExec1903730601.dir/build.make CMakeFiles/cmTryCompileExec1903730601.dir/build
make[1]: se ingresa al directorio «/home/ruben/Documentos/3IngInformatica/FSIV/opencv-2.4.11/build2/CMakeFiles/CMakeTmp»
/usr/bin/cmake -E cmake_progress_report /home/ruben/Documentos/3IngInformatica/FSIV/opencv-2.4.11/build2/CMakeFiles/CMakeTmp/CMakeFiles 1
Building C object CMakeFiles/cmTryCompileExec1903730601.dir/CheckIncludeFile.c.o
/usr/bin/cc   -fPIC   -fsigned-char -W -Wall -Werror=return-type -Werror=address -Werror=sequence-point -Wformat -Werror=format-security -Wmissing-declarations -Wmissing-prototypes -Wstrict-prototypes -Wundef -Winit-self -Wpointer-arith -Wshadow -Wno-narrowing -fdiagnostics-show-option -Wno-long-long -pthread -fomit-frame-pointer -msse -msse2 -msse3 -ffunction-sections  -g   -o CMakeFiles/cmTryCompileExec1903730601.dir/CheckIncludeFile.c.o   -c /home/ruben/Documentos/3IngInformatica/FSIV/opencv-2.4.11/build2/CMakeFiles/CMakeTmp/CheckIncludeFile.c
/home/ruben/Documentos/3IngInformatica/FSIV/opencv-2.4.11/build2/CMakeFiles/CMakeTmp/CheckIncludeFile.c:1:25: fatal error: sys/videoio.h: No existe el archivo o el directorio
 #include <sys/videoio.h>
                         ^
compilation terminated.
make[1]: *** [CMakeFiles/cmTryCompileExec1903730601.dir/CheckIncludeFile.c.o] Error 1
make[1]: se sale del directorio «/home/ruben/Documentos/3IngInformatica/FSIV/opencv-2.4.11/build2/CMakeFiles/CMakeTmp»
make: *** [cmTryCompileExec1903730601/fast] Error 2


Determining if the include file ffmpeg/avformat.h exists failed with the following output:
Change Dir: /home/ruben/Documentos/3IngInformatica/FSIV/opencv-2.4.11/build2/CMakeFiles/CMakeTmp

Run Build Command:/usr/bin/make "cmTryCompileExec4061588559/fast"
/usr/bin/make -f CMakeFiles/cmTryCompileExec4061588559.dir/build.make CMakeFiles/cmTryCompileExec4061588559.dir/build
make[1]: se ingresa al directorio «/home/ruben/Documentos/3IngInformatica/FSIV/opencv-2.4.11/build2/CMakeFiles/CMakeTmp»
/usr/bin/cmake -E cmake_progress_report /home/ruben/Documentos/3IngInformatica/FSIV/opencv-2.4.11/build2/CMakeFiles/CMakeTmp/CMakeFiles 1
Building C object CMakeFiles/cmTryCompileExec4061588559.dir/CheckIncludeFile.c.o
/usr/bin/cc   -fPIC   -fsigned-char -W -Wall -Werror=return-type -Werror=address -Werror=sequence-point -Wformat -Werror=format-security -Wmissing-declarations -Wmissing-prototypes -Wstrict-prototypes -Wundef -Winit-self -Wpointer-arith -Wshadow -Wno-narrowing -fdiagnostics-show-option -Wno-long-long -pthread -fomit-frame-pointer -msse -msse2 -msse3 -ffunction-sections  -g   -o CMakeFiles/cmTryCompileExec4061588559.dir/CheckIncludeFile.c.o   -c /home/ruben/Documentos/3IngInformatica/FSIV/opencv-2.4.11/build2/CMakeFiles/CMakeTmp/CheckIncludeFile.c
/home/ruben/Documentos/3IngInformatica/FSIV/opencv-2.4.11/build2/CMakeFiles/CMakeTmp/CheckIncludeFile.c:1:29: fatal error: ffmpeg/avformat.h: No existe el archivo o el directorio
 #include <ffmpeg/avformat.h>
                             ^
compilation terminated.
make[1]: *** [CMakeFiles/cmTryCompileExec4061588559.dir/CheckIncludeFile.c.o] Error 1
make[1]: se sale del directorio «/home/ruben/Documentos/3IngInformatica/FSIV/opencv-2.4.11/build2/CMakeFiles/CMakeTmp»
make: *** [cmTryCompileExec4061588559/fast] Error 2


Determining if the include file linux/videodev.h exists failed with the following output:
Change Dir: /home/ruben/Documentos/3IngInformatica/FSIV/opencv-2.4.11/build2/CMakeFiles/CMakeTmp

Run Build Command:/usr/bin/make "cmTryCompileExec4146656683/fast"
/usr/bin/make -f CMakeFiles/cmTryCompileExec4146656683.dir/build.make CMakeFiles/cmTryCompileExec4146656683.dir/build
make[1]: se ingresa al directorio «/home/ruben/Documentos/3IngInformatica/FSIV/opencv-2.4.11/build2/CMakeFiles/CMakeTmp»
/usr/bin/cmake -E cmake_progress_report /home/ruben/Documentos/3IngInformatica/FSIV/opencv-2.4.11/build2/CMakeFiles/CMakeTmp/CMakeFiles 1
Building C object CMakeFiles/cmTryCompileExec4146656683.dir/CheckIncludeFile.c.o
/usr/bin/cc   -fPIC   -fsigned-char -W -Wall -Werror=return-type -Werror=address -Werror=sequence-point -Wformat -Werror=format-security -Wmissing-declarations -Wmissing-prototypes -Wstrict-prototypes -Wundef -Winit-self -Wpointer-arith -Wshadow -Wno-narrowing -fdiagnostics-show-option -Wno-long-long -pthread -fomit-frame-pointer -msse -msse2 -msse3 -ffunction-sections  -g   -o CMakeFiles/cmTryCompileExec4146656683.dir/CheckIncludeFile.c.o   -c /home/ruben/Documentos/3IngInformatica/FSIV/opencv-2.4.11/build2/CMakeFiles/CMakeTmp/CheckIncludeFile.c
/home/ruben/Documentos/3IngInformatica/FSIV/opencv-2.4.11/build2/CMakeFiles/CMakeTmp/CheckIncludeFile.c:1:28: fatal error: linux/videodev.h: No existe el archivo o el directorio
 #include <linux/videodev.h>
                            ^
compilation terminated.
make[1]: se sale del directorio «/home/ruben/Documentos/3IngInformatica/FSIV/opencv-2.4.11/build2/CMakeFiles/CMakeTmp»
make[1]: *** [CMakeFiles/cmTryCompileExec4146656683.dir/CheckIncludeFile.c.o] Error 1
make: *** [cmTryCompileExec4146656683/fast] Error 2


Determining if the include file sys/videoio.h exists failed with the following output:
Change Dir: /home/ruben/Documentos/3IngInformatica/FSIV/opencv-2.4.11/build2/CMakeFiles/CMakeTmp

Run Build Command:/usr/bin/make "cmTryCompileExec1910096638/fast"
/usr/bin/make -f CMakeFiles/cmTryCompileExec1910096638.dir/build.make CMakeFiles/cmTryCompileExec1910096638.dir/build
make[1]: se ingresa al directorio «/home/ruben/Documentos/3IngInformatica/FSIV/opencv-2.4.11/build2/CMakeFiles/CMakeTmp»
/usr/bin/cmake -E cmake_progress_report /home/ruben/Documentos/3IngInformatica/FSIV/opencv-2.4.11/build2/CMakeFiles/CMakeTmp/CMakeFiles 1
Building C object CMakeFiles/cmTryCompileExec1910096638.dir/CheckIncludeFile.c.o
/usr/bin/cc   -fPIC   -fsigned-char -W -Wall -Werror=return-type -Werror=address -Werror=sequence-point -Wformat -Werror=format-security -Wmissing-declarations -Wmissing-prototypes -Wstrict-prototypes -Wundef -Winit-self -Wpointer-arith -Wshadow -Wno-narrowing -fdiagnostics-show-option -Wno-long-long -pthread -fomit-frame-pointer -msse -msse2 -msse3 -ffunction-sections  -g   -o CMakeFiles/cmTryCompileExec1910096638.dir/CheckIncludeFile.c.o   -c /home/ruben/Documentos/3IngInformatica/FSIV/opencv-2.4.11/build2/CMakeFiles/CMakeTmp/CheckIncludeFile.c
/home/ruben/Documentos/3IngInformatica/FSIV/opencv-2.4.11/build2/CMakeFiles/CMakeTmp/CheckIncludeFile.c:1:25: fatal error: sys/videoio.h: No existe el archivo o el directorio
 #include <sys/videoio.h>
                         ^
compilation terminated.
make[1]: se sale del directorio «/home/ruben/Documentos/3IngInformatica/FSIV/opencv-2.4.11/build2/CMakeFiles/CMakeTmp»
make[1]: *** [CMakeFiles/cmTryCompileExec1910096638.dir/CheckIncludeFile.c.o] Error 1
make: *** [cmTryCompileExec1910096638/fast] Error 2


Determining if the include file ffmpeg/avformat.h exists failed with the following output:
Change Dir: /home/ruben/Documentos/3IngInformatica/FSIV/opencv-2.4.11/build2/CMakeFiles/CMakeTmp

Run Build Command:/usr/bin/make "cmTryCompileExec884458041/fast"
/usr/bin/make -f CMakeFiles/cmTryCompileExec884458041.dir/build.make CMakeFiles/cmTryCompileExec884458041.dir/build
make[1]: se ingresa al directorio «/home/ruben/Documentos/3IngInformatica/FSIV/opencv-2.4.11/build2/CMakeFiles/CMakeTmp»
/usr/bin/cmake -E cmake_progress_report /home/ruben/Documentos/3IngInformatica/FSIV/opencv-2.4.11/build2/CMakeFiles/CMakeTmp/CMakeFiles 1
Building C object CMakeFiles/cmTryCompileExec884458041.dir/CheckIncludeFile.c.o
/usr/bin/cc   -fPIC   -fsigned-char -W -Wall -Werror=return-type -Werror=address -Werror=sequence-point -Wformat -Werror=format-security -Wmissing-declarations -Wmissing-prototypes -Wstrict-prototypes -Wundef -Winit-self -Wpointer-arith -Wshadow -Wno-narrowing -fdiagnostics-show-option -Wno-long-long -pthread -fomit-frame-pointer -msse -msse2 -msse3 -ffunction-sections  -g   -o CMakeFiles/cmTryCompileExec884458041.dir/CheckIncludeFile.c.o   -c /home/ruben/Documentos/3IngInformatica/FSIV/opencv-2.4.11/build2/CMakeFiles/CMakeTmp/CheckIncludeFile.c
/home/ruben/Documentos/3IngInformatica/FSIV/opencv-2.4.11/build2/CMakeFiles/CMakeTmp/CheckIncludeFile.c:1:29: fatal error: ffmpeg/avformat.h: No existe el archivo o el directorio
 #include <ffmpeg/avformat.h>
                             ^
compilation terminated.
make[1]: se sale del directorio «/home/ruben/Documentos/3IngInformatica/FSIV/opencv-2.4.11/build2/CMakeFiles/CMakeTmp»
make[1]: *** [CMakeFiles/cmTryCompileExec884458041.dir/CheckIncludeFile.c.o] Error 1
make: *** [cmTryCompileExec884458041/fast] Error 2


